[INFO] 2021-12-01 16:45:03,215: ==> Epoch 1
[INFO] 2021-12-01 16:45:03,215: > Training
[INFO] 2021-12-01 16:45:31,350: Loss: 0.5592 / Acc: 84.57%
[INFO] 2021-12-01 16:45:31,351: > Validation
[INFO] 2021-12-01 16:45:33,218: Loss: 0.0550 / Acc: 98.00%
[INFO] 2021-12-01 16:45:33,231: => This is the best model so far! Saving...
[INFO] 2021-12-01 16:45:33,232: ==> Epoch 2
[INFO] 2021-12-01 16:45:33,232: > Training
[INFO] 2021-12-01 16:45:51,484: Loss: 0.2362 / Acc: 92.91%
[INFO] 2021-12-01 16:45:51,485: > Validation
[INFO] 2021-12-01 16:45:53,369: Loss: 0.0314 / Acc: 98.88%
[INFO] 2021-12-01 16:45:53,376: => This is the best model so far! Saving...
[INFO] 2021-12-01 16:45:53,376: ==> Epoch 3
[INFO] 2021-12-01 16:45:53,377: > Training
[INFO] 2021-12-01 16:46:11,342: Loss: 0.1823 / Acc: 94.62%
[INFO] 2021-12-01 16:46:11,343: > Validation
[INFO] 2021-12-01 16:46:13,178: Loss: 0.0273 / Acc: 99.13%
[INFO] 2021-12-01 16:46:13,186: => This is the best model so far! Saving...
[INFO] 2021-12-01 16:46:13,186: ==> Epoch 4
[INFO] 2021-12-01 16:46:13,186: > Training
[INFO] 2021-12-01 16:46:35,268: Loss: 0.1586 / Acc: 95.24%
[INFO] 2021-12-01 16:46:35,268: > Validation
[INFO] 2021-12-01 16:46:37,615: Loss: 0.0236 / Acc: 99.25%
[INFO] 2021-12-01 16:46:37,624: => This is the best model so far! Saving...
[INFO] 2021-12-01 16:46:37,625: ==> Epoch 5
[INFO] 2021-12-01 16:46:37,625: > Training
[INFO] 2021-12-01 16:46:59,504: Loss: 0.1410 / Acc: 95.78%
[INFO] 2021-12-01 16:46:59,504: > Validation
[INFO] 2021-12-01 16:47:01,387: Loss: 0.0271 / Acc: 99.15%
[INFO] 2021-12-01 16:47:01,388: ==> Epoch 6
[INFO] 2021-12-01 16:47:01,388: > Training
[INFO] 2021-12-01 16:47:20,254: Loss: 0.1340 / Acc: 96.04%
[INFO] 2021-12-01 16:47:20,255: > Validation
[INFO] 2021-12-01 16:47:22,052: Loss: 0.0232 / Acc: 99.28%
[INFO] 2021-12-01 16:47:22,062: => This is the best model so far! Saving...
[INFO] 2021-12-01 16:47:22,063: ==> Epoch 7
[INFO] 2021-12-01 16:47:22,063: > Training
[INFO] 2021-12-01 16:47:44,100: Loss: 0.1092 / Acc: 96.68%
[INFO] 2021-12-01 16:47:44,101: > Validation
[INFO] 2021-12-01 16:47:45,968: Loss: 0.0179 / Acc: 99.43%
[INFO] 2021-12-01 16:47:45,975: => This is the best model so far! Saving...
[INFO] 2021-12-01 16:47:45,976: ==> Epoch 8
[INFO] 2021-12-01 16:47:45,976: > Training
[INFO] 2021-12-01 16:48:04,525: Loss: 0.1199 / Acc: 96.33%
[INFO] 2021-12-01 16:48:04,526: > Validation
[INFO] 2021-12-01 16:48:06,331: Loss: 0.0234 / Acc: 99.29%
[INFO] 2021-12-01 16:48:06,331: ==> Epoch 9
[INFO] 2021-12-01 16:48:06,331: > Training
[INFO] 2021-12-01 16:48:24,620: Loss: 0.1082 / Acc: 96.65%
[INFO] 2021-12-01 16:48:24,620: > Validation
[INFO] 2021-12-01 16:48:26,499: Loss: 0.0218 / Acc: 99.11%
[INFO] 2021-12-01 16:48:26,499: ==> Epoch 10
[INFO] 2021-12-01 16:48:26,500: > Training
[INFO] 2021-12-01 16:48:45,075: Loss: 0.1043 / Acc: 96.85%
[INFO] 2021-12-01 16:48:45,076: > Validation
[INFO] 2021-12-01 16:48:47,015: Loss: 0.0193 / Acc: 99.60%
[INFO] 2021-12-01 16:48:47,015: ==> Epoch 11
[INFO] 2021-12-01 16:48:47,016: > Training
[INFO] 2021-12-01 16:49:05,251: Loss: 0.0996 / Acc: 96.91%
[INFO] 2021-12-01 16:49:05,252: > Validation
[INFO] 2021-12-01 16:49:07,180: Loss: 0.0151 / Acc: 99.55%
[INFO] 2021-12-01 16:49:07,188: => This is the best model so far! Saving...
[INFO] 2021-12-01 16:49:07,189: ==> Epoch 12
[INFO] 2021-12-01 16:49:07,189: > Training
[INFO] 2021-12-01 16:49:25,477: Loss: 0.0920 / Acc: 97.08%
[INFO] 2021-12-01 16:49:25,477: > Validation
[INFO] 2021-12-01 16:49:27,364: Loss: 0.0215 / Acc: 99.55%
[INFO] 2021-12-01 16:49:27,365: ==> Epoch 13
[INFO] 2021-12-01 16:49:27,365: > Training
[INFO] 2021-12-01 16:49:46,836: Loss: 0.0919 / Acc: 97.24%
[INFO] 2021-12-01 16:49:46,837: > Validation
[INFO] 2021-12-01 16:49:48,700: Loss: 0.0117 / Acc: 99.61%
[INFO] 2021-12-01 16:49:48,707: => This is the best model so far! Saving...
[INFO] 2021-12-01 16:49:48,708: ==> Epoch 14
[INFO] 2021-12-01 16:49:48,708: > Training
[INFO] 2021-12-01 16:50:07,130: Loss: 0.0835 / Acc: 97.42%
[INFO] 2021-12-01 16:50:07,131: > Validation
[INFO] 2021-12-01 16:50:09,017: Loss: 0.0182 / Acc: 99.35%
[INFO] 2021-12-01 16:50:09,017: ==> Epoch 15
[INFO] 2021-12-01 16:50:09,018: > Training
[INFO] 2021-12-01 16:50:27,123: Loss: 0.0797 / Acc: 97.44%
[INFO] 2021-12-01 16:50:27,123: > Validation
[INFO] 2021-12-01 16:50:28,928: Loss: 0.0195 / Acc: 99.24%
[INFO] 2021-12-01 16:50:28,928: ==> Epoch 16
[INFO] 2021-12-01 16:50:28,928: > Training
[INFO] 2021-12-01 16:50:47,282: Loss: 0.0822 / Acc: 97.62%
[INFO] 2021-12-01 16:50:47,283: > Validation
[INFO] 2021-12-01 16:50:49,103: Loss: 0.0163 / Acc: 99.52%
[INFO] 2021-12-01 16:50:49,104: ==> Epoch 17
[INFO] 2021-12-01 16:50:49,104: > Training
[INFO] 2021-12-01 16:51:07,304: Loss: 0.0812 / Acc: 97.44%
[INFO] 2021-12-01 16:51:07,305: > Validation
[INFO] 2021-12-01 16:51:09,222: Loss: 0.0127 / Acc: 99.47%
[INFO] 2021-12-01 16:51:09,222: ==> Epoch 18
[INFO] 2021-12-01 16:51:09,222: > Training
[INFO] 2021-12-01 16:51:27,502: Loss: 0.0865 / Acc: 97.31%
[INFO] 2021-12-01 16:51:27,502: > Validation
[INFO] 2021-12-01 16:51:29,405: Loss: 0.0123 / Acc: 99.48%
[INFO] 2021-12-01 16:51:29,406: ==> Epoch 19
[INFO] 2021-12-01 16:51:29,406: > Training
[INFO] 2021-12-01 16:51:47,554: Loss: 0.0797 / Acc: 97.52%
[INFO] 2021-12-01 16:51:47,555: > Validation
[INFO] 2021-12-01 16:51:49,349: Loss: 0.0133 / Acc: 99.56%
[INFO] 2021-12-01 16:51:49,350: ==> Epoch 20
[INFO] 2021-12-01 16:51:49,350: > Training
[INFO] 2021-12-01 16:52:07,744: Loss: 0.0743 / Acc: 97.69%
[INFO] 2021-12-01 16:52:07,745: > Validation
[INFO] 2021-12-01 16:52:09,653: Loss: 0.0083 / Acc: 99.69%
[INFO] 2021-12-01 16:52:09,660: => This is the best model so far! Saving...
[INFO] 2021-12-01 16:52:09,661: ==> Epoch 21
[INFO] 2021-12-01 16:52:09,661: > Training
[INFO] 2021-12-01 16:52:27,981: Loss: 0.0614 / Acc: 97.99%
[INFO] 2021-12-01 16:52:27,982: > Validation
[INFO] 2021-12-01 16:52:29,866: Loss: 0.0160 / Acc: 99.60%
[INFO] 2021-12-01 16:52:29,866: ==> Epoch 22
[INFO] 2021-12-01 16:52:29,867: > Training
[INFO] 2021-12-01 16:52:48,177: Loss: 0.0588 / Acc: 98.06%
[INFO] 2021-12-01 16:52:48,178: > Validation
[INFO] 2021-12-01 16:52:50,093: Loss: 0.0109 / Acc: 99.64%
[INFO] 2021-12-01 16:52:50,093: ==> Epoch 23
[INFO] 2021-12-01 16:52:50,093: > Training
[INFO] 2021-12-01 16:53:08,625: Loss: 0.0526 / Acc: 98.26%
[INFO] 2021-12-01 16:53:08,636: > Validation
[INFO] 2021-12-01 16:53:10,764: Loss: 0.0184 / Acc: 99.35%
[INFO] 2021-12-01 16:53:10,764: ==> Epoch 24
[INFO] 2021-12-01 16:53:10,765: > Training
[INFO] 2021-12-01 16:53:29,728: Loss: 0.0580 / Acc: 98.20%
[INFO] 2021-12-01 16:53:29,728: > Validation
[INFO] 2021-12-01 16:53:31,677: Loss: 0.0137 / Acc: 99.55%
[INFO] 2021-12-01 16:53:31,677: ==> Epoch 25
[INFO] 2021-12-01 16:53:31,677: > Training
[INFO] 2021-12-01 16:53:49,879: Loss: 0.0578 / Acc: 98.14%
[INFO] 2021-12-01 16:53:49,879: > Validation
[INFO] 2021-12-01 16:53:51,733: Loss: 0.0098 / Acc: 99.69%
[INFO] 2021-12-01 16:53:51,733: ==> Epoch 26
[INFO] 2021-12-01 16:53:51,734: > Training
[INFO] 2021-12-01 16:54:10,259: Loss: 0.0540 / Acc: 98.29%
[INFO] 2021-12-01 16:54:10,259: > Validation
[INFO] 2021-12-01 16:54:12,060: Loss: 0.0157 / Acc: 99.55%
[INFO] 2021-12-01 16:54:12,060: ==> Epoch 27
[INFO] 2021-12-01 16:54:12,060: > Training
[INFO] 2021-12-01 16:54:30,382: Loss: 0.0568 / Acc: 98.03%
[INFO] 2021-12-01 16:54:30,382: > Validation
[INFO] 2021-12-01 16:54:32,344: Loss: 0.0144 / Acc: 99.45%
[INFO] 2021-12-01 16:54:32,345: ==> Epoch 28
[INFO] 2021-12-01 16:54:32,345: > Training
[INFO] 2021-12-01 16:54:51,006: Loss: 0.0504 / Acc: 98.22%
[INFO] 2021-12-01 16:54:51,007: > Validation
[INFO] 2021-12-01 16:54:52,858: Loss: 0.0160 / Acc: 99.45%
[INFO] 2021-12-01 16:54:52,858: ==> Epoch 29
[INFO] 2021-12-01 16:54:52,859: > Training
[INFO] 2021-12-01 16:55:11,275: Loss: 0.0480 / Acc: 98.34%
[INFO] 2021-12-01 16:55:11,275: > Validation
[INFO] 2021-12-01 16:55:13,207: Loss: 0.0075 / Acc: 99.83%
[INFO] 2021-12-01 16:55:13,221: => This is the best model so far! Saving...
[INFO] 2021-12-01 16:55:13,221: ==> Epoch 30
[INFO] 2021-12-01 16:55:13,222: > Training
[INFO] 2021-12-01 16:55:31,465: Loss: 0.0547 / Acc: 98.18%
[INFO] 2021-12-01 16:55:31,466: > Validation
[INFO] 2021-12-01 16:55:33,871: Loss: 0.0124 / Acc: 99.68%
[INFO] 2021-12-01 16:55:33,871: ==> Epoch 31
[INFO] 2021-12-01 16:55:33,871: > Training
[INFO] 2021-12-01 16:55:54,904: Loss: 0.0520 / Acc: 98.31%
[INFO] 2021-12-01 16:55:54,904: > Validation
[INFO] 2021-12-01 16:55:56,878: Loss: 0.0177 / Acc: 99.53%
[INFO] 2021-12-01 16:55:56,878: ==> Epoch 32
[INFO] 2021-12-01 16:55:56,879: > Training
[INFO] 2021-12-01 16:56:15,209: Loss: 0.0542 / Acc: 98.27%
[INFO] 2021-12-01 16:56:15,210: > Validation
[INFO] 2021-12-01 16:56:17,011: Loss: 0.0213 / Acc: 99.45%
[INFO] 2021-12-01 16:56:17,011: ==> Epoch 33
[INFO] 2021-12-01 16:56:17,011: > Training
[INFO] 2021-12-01 16:56:35,331: Loss: 0.0495 / Acc: 98.36%
[INFO] 2021-12-01 16:56:35,331: > Validation
[INFO] 2021-12-01 16:56:37,205: Loss: 0.0125 / Acc: 99.75%
[INFO] 2021-12-01 16:56:37,205: ==> Epoch 34
[INFO] 2021-12-01 16:56:37,205: > Training
[INFO] 2021-12-01 16:56:55,682: Loss: 0.0421 / Acc: 98.60%
[INFO] 2021-12-01 16:56:55,683: > Validation
[INFO] 2021-12-01 16:56:57,539: Loss: 0.0197 / Acc: 99.40%
[INFO] 2021-12-01 16:56:57,540: ==> Epoch 35
[INFO] 2021-12-01 16:56:57,540: > Training
[INFO] 2021-12-01 16:57:15,881: Loss: 0.0481 / Acc: 98.27%
[INFO] 2021-12-01 16:57:15,882: > Validation
[INFO] 2021-12-01 16:57:17,661: Loss: 0.0149 / Acc: 99.55%
[INFO] 2021-12-01 16:57:17,662: ==> Epoch 36
[INFO] 2021-12-01 16:57:17,662: > Training
[INFO] 2021-12-01 16:57:36,013: Loss: 0.0494 / Acc: 98.28%
[INFO] 2021-12-01 16:57:36,013: > Validation
[INFO] 2021-12-01 16:57:37,921: Loss: 0.0105 / Acc: 99.68%
[INFO] 2021-12-01 16:57:37,922: ==> Epoch 37
[INFO] 2021-12-01 16:57:37,922: > Training
[INFO] 2021-12-01 16:57:56,180: Loss: 0.0496 / Acc: 98.30%
[INFO] 2021-12-01 16:57:56,180: > Validation
[INFO] 2021-12-01 16:57:58,029: Loss: 0.0094 / Acc: 99.72%
[INFO] 2021-12-01 16:57:58,030: ==> Epoch 38
[INFO] 2021-12-01 16:57:58,030: > Training
[INFO] 2021-12-01 16:58:16,588: Loss: 0.0500 / Acc: 98.40%
[INFO] 2021-12-01 16:58:16,589: > Validation
[INFO] 2021-12-01 16:58:18,464: Loss: 0.0101 / Acc: 99.68%
[INFO] 2021-12-01 16:58:18,464: ==> Epoch 39
[INFO] 2021-12-01 16:58:18,464: > Training
[INFO] 2021-12-01 16:58:36,677: Loss: 0.0495 / Acc: 98.25%
[INFO] 2021-12-01 16:58:36,678: > Validation
[INFO] 2021-12-01 16:58:38,547: Loss: 0.0280 / Acc: 99.56%
[INFO] 2021-12-01 16:58:38,548: ==> Epoch 40
[INFO] 2021-12-01 16:58:38,548: > Training
[INFO] 2021-12-01 16:58:56,760: Loss: 0.0456 / Acc: 98.41%
[INFO] 2021-12-01 16:58:56,761: > Validation
[INFO] 2021-12-01 16:58:58,645: Loss: 0.0090 / Acc: 99.73%
[INFO] 2021-12-01 16:58:58,645: ==> Epoch 41
[INFO] 2021-12-01 16:58:58,645: > Training
[INFO] 2021-12-01 16:59:16,670: Loss: 0.0421 / Acc: 98.51%
[INFO] 2021-12-01 16:59:16,670: > Validation
[INFO] 2021-12-01 16:59:18,568: Loss: 0.0135 / Acc: 99.60%
[INFO] 2021-12-01 16:59:18,569: ==> Epoch 42
[INFO] 2021-12-01 16:59:18,569: > Training
[INFO] 2021-12-01 16:59:36,724: Loss: 0.0429 / Acc: 98.45%
[INFO] 2021-12-01 16:59:36,724: > Validation
[INFO] 2021-12-01 16:59:38,607: Loss: 0.0075 / Acc: 99.68%
[INFO] 2021-12-01 16:59:38,615: => This is the best model so far! Saving...
[INFO] 2021-12-01 16:59:38,615: ==> Epoch 43
[INFO] 2021-12-01 16:59:38,616: > Training
[INFO] 2021-12-01 16:59:57,133: Loss: 0.0365 / Acc: 98.69%
[INFO] 2021-12-01 16:59:57,133: > Validation
[INFO] 2021-12-01 16:59:59,056: Loss: 0.0143 / Acc: 99.67%
[INFO] 2021-12-01 16:59:59,056: ==> Epoch 44
[INFO] 2021-12-01 16:59:59,056: > Training
[INFO] 2021-12-01 17:00:17,138: Loss: 0.0380 / Acc: 98.54%
[INFO] 2021-12-01 17:00:17,138: > Validation
[INFO] 2021-12-01 17:00:19,028: Loss: 0.0209 / Acc: 99.67%
[INFO] 2021-12-01 17:00:19,029: ==> Epoch 45
[INFO] 2021-12-01 17:00:19,029: > Training
[INFO] 2021-12-01 17:00:37,366: Loss: 0.0415 / Acc: 98.47%
[INFO] 2021-12-01 17:00:37,366: > Validation
[INFO] 2021-12-01 17:00:39,245: Loss: 0.0105 / Acc: 99.65%
[INFO] 2021-12-01 17:00:39,246: ==> Epoch 46
[INFO] 2021-12-01 17:00:39,246: > Training
[INFO] 2021-12-01 17:00:57,441: Loss: 0.0400 / Acc: 98.56%
[INFO] 2021-12-01 17:00:57,441: > Validation
[INFO] 2021-12-01 17:00:59,314: Loss: 0.0123 / Acc: 99.57%
[INFO] 2021-12-01 17:00:59,314: ==> Epoch 47
[INFO] 2021-12-01 17:00:59,315: > Training
[INFO] 2021-12-01 17:01:18,260: Loss: 0.0395 / Acc: 98.59%
[INFO] 2021-12-01 17:01:18,261: > Validation
[INFO] 2021-12-01 17:01:20,176: Loss: 0.0065 / Acc: 99.80%
[INFO] 2021-12-01 17:01:20,184: => This is the best model so far! Saving...
[INFO] 2021-12-01 17:01:20,184: ==> Epoch 48
[INFO] 2021-12-01 17:01:20,185: > Training
[INFO] 2021-12-01 17:01:38,581: Loss: 0.0364 / Acc: 98.76%
[INFO] 2021-12-01 17:01:38,582: > Validation
[INFO] 2021-12-01 17:01:40,589: Loss: 0.0065 / Acc: 99.83%
[INFO] 2021-12-01 17:01:40,596: => This is the best model so far! Saving...
[INFO] 2021-12-01 17:01:40,597: ==> Epoch 49
[INFO] 2021-12-01 17:01:40,597: > Training
[INFO] 2021-12-01 17:01:59,096: Loss: 0.0342 / Acc: 98.78%
[INFO] 2021-12-01 17:01:59,096: > Validation
[INFO] 2021-12-01 17:02:01,105: Loss: 0.0101 / Acc: 99.75%
[INFO] 2021-12-01 17:02:01,105: ==> Epoch 50
[INFO] 2021-12-01 17:02:01,106: > Training
[INFO] 2021-12-01 17:02:19,562: Loss: 0.0345 / Acc: 98.75%
[INFO] 2021-12-01 17:02:19,563: > Validation
[INFO] 2021-12-01 17:02:21,465: Loss: 0.0117 / Acc: 99.67%
[INFO] 2021-12-01 17:02:21,466: ==> Epoch 51
[INFO] 2021-12-01 17:02:21,466: > Training
[INFO] 2021-12-01 17:02:39,977: Loss: 0.0360 / Acc: 98.71%
[INFO] 2021-12-01 17:02:39,977: > Validation
[INFO] 2021-12-01 17:02:41,914: Loss: 0.0085 / Acc: 99.75%
[INFO] 2021-12-01 17:02:41,915: ==> Epoch 52
[INFO] 2021-12-01 17:02:41,915: > Training
[INFO] 2021-12-01 17:03:00,553: Loss: 0.0354 / Acc: 98.76%
[INFO] 2021-12-01 17:03:00,554: > Validation
[INFO] 2021-12-01 17:03:02,376: Loss: 0.0098 / Acc: 99.77%
[INFO] 2021-12-01 17:03:02,376: ==> Epoch 53
[INFO] 2021-12-01 17:03:02,376: > Training
[INFO] 2021-12-01 17:03:21,025: Loss: 0.0318 / Acc: 98.85%
[INFO] 2021-12-01 17:03:21,026: > Validation
[INFO] 2021-12-01 17:03:22,977: Loss: 0.0109 / Acc: 99.67%
[INFO] 2021-12-01 17:03:22,978: ==> Epoch 54
[INFO] 2021-12-01 17:03:22,978: > Training
[INFO] 2021-12-01 17:03:46,011: Loss: 0.0297 / Acc: 98.91%
[INFO] 2021-12-01 17:03:46,012: > Validation
[INFO] 2021-12-01 17:03:47,917: Loss: 0.0107 / Acc: 99.72%
[INFO] 2021-12-01 17:03:47,918: ==> Epoch 55
[INFO] 2021-12-01 17:03:47,918: > Training
[INFO] 2021-12-01 17:04:06,260: Loss: 0.0322 / Acc: 98.82%
[INFO] 2021-12-01 17:04:06,261: > Validation
[INFO] 2021-12-01 17:04:08,110: Loss: 0.0087 / Acc: 99.69%
[INFO] 2021-12-01 17:04:08,110: ==> Epoch 56
[INFO] 2021-12-01 17:04:08,110: > Training
[INFO] 2021-12-01 17:04:26,603: Loss: 0.0332 / Acc: 98.78%
[INFO] 2021-12-01 17:04:26,604: > Validation
[INFO] 2021-12-01 17:04:28,404: Loss: 0.0055 / Acc: 99.77%
[INFO] 2021-12-01 17:04:28,412: => This is the best model so far! Saving...
[INFO] 2021-12-01 17:04:28,412: ==> Epoch 57
[INFO] 2021-12-01 17:04:28,412: > Training
[INFO] 2021-12-01 17:04:46,595: Loss: 0.0327 / Acc: 98.78%
[INFO] 2021-12-01 17:04:46,596: > Validation
[INFO] 2021-12-01 17:04:48,487: Loss: 0.0110 / Acc: 99.65%
[INFO] 2021-12-01 17:04:48,487: ==> Epoch 58
[INFO] 2021-12-01 17:04:48,487: > Training
[INFO] 2021-12-01 17:05:06,731: Loss: 0.0349 / Acc: 98.79%
[INFO] 2021-12-01 17:05:06,732: > Validation
[INFO] 2021-12-01 17:05:08,566: Loss: 0.0135 / Acc: 99.55%
[INFO] 2021-12-01 17:05:08,566: ==> Epoch 59
[INFO] 2021-12-01 17:05:08,566: > Training
[INFO] 2021-12-01 17:05:27,006: Loss: 0.0351 / Acc: 98.68%
[INFO] 2021-12-01 17:05:27,006: > Validation
[INFO] 2021-12-01 17:05:28,825: Loss: 0.0211 / Acc: 99.45%
[INFO] 2021-12-01 17:05:28,825: ==> Epoch 60
[INFO] 2021-12-01 17:05:28,825: > Training
[INFO] 2021-12-01 17:05:47,075: Loss: 0.0381 / Acc: 98.67%
[INFO] 2021-12-01 17:05:47,076: > Validation
[INFO] 2021-12-01 17:05:49,014: Loss: 0.0087 / Acc: 99.79%
[INFO] 2021-12-01 17:05:49,015: ==> Epoch 61
[INFO] 2021-12-01 17:05:49,015: > Training
[INFO] 2021-12-01 17:06:07,069: Loss: 0.0323 / Acc: 98.84%
[INFO] 2021-12-01 17:06:07,070: > Validation
[INFO] 2021-12-01 17:06:08,939: Loss: 0.0169 / Acc: 99.69%
[INFO] 2021-12-01 17:06:08,939: ==> Epoch 62
[INFO] 2021-12-01 17:06:08,939: > Training
[INFO] 2021-12-01 17:06:27,424: Loss: 0.0304 / Acc: 98.89%
[INFO] 2021-12-01 17:06:27,425: > Validation
[INFO] 2021-12-01 17:06:29,312: Loss: 0.0118 / Acc: 99.79%
[INFO] 2021-12-01 17:06:29,312: ==> Epoch 63
[INFO] 2021-12-01 17:06:29,313: > Training
[INFO] 2021-12-01 17:06:47,468: Loss: 0.0323 / Acc: 98.84%
[INFO] 2021-12-01 17:06:47,468: > Validation
[INFO] 2021-12-01 17:06:49,273: Loss: 0.0114 / Acc: 99.63%
[INFO] 2021-12-01 17:06:49,273: ==> Epoch 64
[INFO] 2021-12-01 17:06:49,274: > Training
[INFO] 2021-12-01 17:07:08,109: Loss: 0.0309 / Acc: 98.88%
[INFO] 2021-12-01 17:07:08,109: > Validation
[INFO] 2021-12-01 17:07:09,951: Loss: 0.0108 / Acc: 99.63%
[INFO] 2021-12-01 17:07:09,952: ==> Epoch 65
[INFO] 2021-12-01 17:07:09,952: > Training
[INFO] 2021-12-01 17:07:28,014: Loss: 0.0304 / Acc: 98.80%
[INFO] 2021-12-01 17:07:28,015: > Validation
[INFO] 2021-12-01 17:07:29,848: Loss: 0.0120 / Acc: 99.59%
[INFO] 2021-12-01 17:07:29,849: ==> Epoch 66
[INFO] 2021-12-01 17:07:29,849: > Training
[INFO] 2021-12-01 17:07:47,945: Loss: 0.0306 / Acc: 98.90%
[INFO] 2021-12-01 17:07:47,945: > Validation
[INFO] 2021-12-01 17:07:49,749: Loss: 0.0159 / Acc: 99.56%
[INFO] 2021-12-01 17:07:49,750: ==> Epoch 67
[INFO] 2021-12-01 17:07:49,750: > Training
[INFO] 2021-12-01 17:08:07,930: Loss: 0.0292 / Acc: 98.89%
[INFO] 2021-12-01 17:08:07,930: > Validation
[INFO] 2021-12-01 17:08:09,825: Loss: 0.0123 / Acc: 99.59%
[INFO] 2021-12-01 17:08:09,826: ==> Epoch 68
[INFO] 2021-12-01 17:08:09,826: > Training
[INFO] 2021-12-01 17:08:28,120: Loss: 0.0300 / Acc: 98.87%
[INFO] 2021-12-01 17:08:28,121: > Validation
[INFO] 2021-12-01 17:08:30,042: Loss: 0.0156 / Acc: 99.52%
[INFO] 2021-12-01 17:08:30,043: ==> Epoch 69
[INFO] 2021-12-01 17:08:30,043: > Training
[INFO] 2021-12-01 17:08:48,592: Loss: 0.0285 / Acc: 98.91%
[INFO] 2021-12-01 17:08:48,593: > Validation
[INFO] 2021-12-01 17:08:50,527: Loss: 0.0103 / Acc: 99.69%
[INFO] 2021-12-01 17:08:50,527: ==> Epoch 70
[INFO] 2021-12-01 17:08:50,527: > Training
[INFO] 2021-12-01 17:09:08,713: Loss: 0.0290 / Acc: 98.91%
[INFO] 2021-12-01 17:09:08,713: > Validation
[INFO] 2021-12-01 17:09:10,580: Loss: 0.0151 / Acc: 99.40%
[INFO] 2021-12-01 17:09:10,580: ==> Epoch 71
[INFO] 2021-12-01 17:09:10,580: > Training
[INFO] 2021-12-01 17:09:29,885: Loss: 0.0278 / Acc: 98.96%
[INFO] 2021-12-01 17:09:29,886: > Validation
[INFO] 2021-12-01 17:09:31,769: Loss: 0.0160 / Acc: 99.52%
[INFO] 2021-12-01 17:09:31,770: ==> Epoch 72
[INFO] 2021-12-01 17:09:31,770: > Training
[INFO] 2021-12-01 17:09:56,702: Loss: 0.0270 / Acc: 99.02%
[INFO] 2021-12-01 17:09:56,703: > Validation
[INFO] 2021-12-01 17:09:59,176: Loss: 0.0087 / Acc: 99.72%
[INFO] 2021-12-01 17:09:59,176: ==> Epoch 73
[INFO] 2021-12-01 17:09:59,176: > Training
[INFO] 2021-12-01 17:10:21,349: Loss: 0.0280 / Acc: 98.88%
[INFO] 2021-12-01 17:10:21,349: > Validation
[INFO] 2021-12-01 17:10:23,353: Loss: 0.0082 / Acc: 99.87%
[INFO] 2021-12-01 17:10:23,353: ==> Epoch 74
[INFO] 2021-12-01 17:10:23,353: > Training
[INFO] 2021-12-01 17:10:41,722: Loss: 0.0326 / Acc: 98.78%
[INFO] 2021-12-01 17:10:41,722: > Validation
[INFO] 2021-12-01 17:10:43,806: Loss: 0.0117 / Acc: 99.75%
[INFO] 2021-12-01 17:10:43,807: ==> Epoch 75
[INFO] 2021-12-01 17:10:43,807: > Training
[INFO] 2021-12-01 17:11:02,063: Loss: 0.0304 / Acc: 98.82%
[INFO] 2021-12-01 17:11:02,064: > Validation
[INFO] 2021-12-01 17:11:04,012: Loss: 0.0128 / Acc: 99.63%
[INFO] 2021-12-01 17:11:04,012: ==> Epoch 76
[INFO] 2021-12-01 17:11:04,012: > Training
[INFO] 2021-12-01 17:11:22,278: Loss: 0.0295 / Acc: 98.84%
[INFO] 2021-12-01 17:11:22,279: > Validation
[INFO] 2021-12-01 17:11:24,281: Loss: 0.0096 / Acc: 99.75%
[INFO] 2021-12-01 17:11:24,282: ==> Epoch 77
[INFO] 2021-12-01 17:11:24,282: > Training
[INFO] 2021-12-01 17:11:41,925: Loss: 0.0300 / Acc: 98.90%
[INFO] 2021-12-01 17:11:41,925: > Validation
[INFO] 2021-12-01 17:11:43,850: Loss: 0.0142 / Acc: 99.63%
[INFO] 2021-12-01 17:11:43,850: ==> Epoch 78
[INFO] 2021-12-01 17:11:43,850: > Training
[INFO] 2021-12-01 17:12:05,307: Loss: 0.0271 / Acc: 98.96%
[INFO] 2021-12-01 17:12:05,308: > Validation
[INFO] 2021-12-01 17:12:07,220: Loss: 0.0221 / Acc: 99.68%
[INFO] 2021-12-01 17:12:07,221: ==> Epoch 79
[INFO] 2021-12-01 17:12:07,221: > Training
[INFO] 2021-12-01 17:12:24,792: Loss: 0.0276 / Acc: 98.95%
[INFO] 2021-12-01 17:12:24,793: > Validation
[INFO] 2021-12-01 17:12:26,764: Loss: 0.0051 / Acc: 99.81%
[INFO] 2021-12-01 17:12:26,772: => This is the best model so far! Saving...
[INFO] 2021-12-01 17:12:26,772: ==> Epoch 80
[INFO] 2021-12-01 17:12:26,772: > Training
[INFO] 2021-12-01 17:12:44,484: Loss: 0.0259 / Acc: 99.01%
[INFO] 2021-12-01 17:12:44,484: > Validation
[INFO] 2021-12-01 17:12:46,359: Loss: 0.0055 / Acc: 99.83%
[INFO] 2021-12-01 17:12:46,359: ==> Epoch 81
[INFO] 2021-12-01 17:12:46,359: > Training
[INFO] 2021-12-01 17:13:07,991: Loss: 0.0295 / Acc: 98.92%
[INFO] 2021-12-01 17:13:07,992: > Validation
[INFO] 2021-12-01 17:13:09,926: Loss: 0.0158 / Acc: 99.52%
[INFO] 2021-12-01 17:13:09,927: ==> Epoch 82
[INFO] 2021-12-01 17:13:09,927: > Training
[INFO] 2021-12-01 17:13:27,811: Loss: 0.0273 / Acc: 98.97%
[INFO] 2021-12-01 17:13:27,811: > Validation
[INFO] 2021-12-01 17:13:29,745: Loss: 0.0175 / Acc: 99.37%
[INFO] 2021-12-01 17:13:29,745: ==> Epoch 83
[INFO] 2021-12-01 17:13:29,745: > Training
[INFO] 2021-12-01 17:13:48,133: Loss: 0.0248 / Acc: 98.99%
[INFO] 2021-12-01 17:13:48,133: > Validation
[INFO] 2021-12-01 17:13:50,164: Loss: 0.0089 / Acc: 99.73%
[INFO] 2021-12-01 17:13:50,164: ==> Epoch 84
[INFO] 2021-12-01 17:13:50,164: > Training
[INFO] 2021-12-01 17:14:08,185: Loss: 0.0301 / Acc: 98.81%
[INFO] 2021-12-01 17:14:08,186: > Validation
[INFO] 2021-12-01 17:14:10,096: Loss: 0.0106 / Acc: 99.83%
[INFO] 2021-12-01 17:14:10,096: ==> Epoch 85
[INFO] 2021-12-01 17:14:10,096: > Training
[INFO] 2021-12-01 17:14:28,592: Loss: 0.0286 / Acc: 98.86%
[INFO] 2021-12-01 17:14:28,593: > Validation
[INFO] 2021-12-01 17:14:30,597: Loss: 0.0106 / Acc: 99.84%
[INFO] 2021-12-01 17:14:30,598: ==> Epoch 86
[INFO] 2021-12-01 17:14:30,598: > Training
[INFO] 2021-12-01 17:14:49,072: Loss: 0.0275 / Acc: 98.98%
[INFO] 2021-12-01 17:14:49,072: > Validation
[INFO] 2021-12-01 17:14:51,044: Loss: 0.0240 / Acc: 99.37%
[INFO] 2021-12-01 17:14:51,044: ==> Epoch 87
[INFO] 2021-12-01 17:14:51,044: > Training
[INFO] 2021-12-01 17:15:09,365: Loss: 0.0270 / Acc: 98.93%
[INFO] 2021-12-01 17:15:09,366: > Validation
[INFO] 2021-12-01 17:15:11,338: Loss: 0.0205 / Acc: 99.63%
[INFO] 2021-12-01 17:15:11,338: ==> Epoch 88
[INFO] 2021-12-01 17:15:11,338: > Training
[INFO] 2021-12-01 17:15:29,503: Loss: 0.0250 / Acc: 99.06%
[INFO] 2021-12-01 17:15:29,504: > Validation
[INFO] 2021-12-01 17:15:31,618: Loss: 0.0119 / Acc: 99.63%
[INFO] 2021-12-01 17:15:31,618: ==> Epoch 89
[INFO] 2021-12-01 17:15:31,618: > Training
[INFO] 2021-12-01 17:15:49,936: Loss: 0.0237 / Acc: 99.06%
[INFO] 2021-12-01 17:15:49,937: > Validation
[INFO] 2021-12-01 17:15:51,880: Loss: 0.0109 / Acc: 99.75%
[INFO] 2021-12-01 17:15:51,881: ==> Epoch 90
[INFO] 2021-12-01 17:15:51,881: > Training
[INFO] 2021-12-01 17:16:09,907: Loss: 0.0222 / Acc: 99.15%
[INFO] 2021-12-01 17:16:09,907: > Validation
[INFO] 2021-12-01 17:16:11,953: Loss: 0.0069 / Acc: 99.72%
[INFO] 2021-12-01 17:16:11,954: ==> Epoch 91
[INFO] 2021-12-01 17:16:11,954: > Training
[INFO] 2021-12-01 17:16:29,983: Loss: 0.0227 / Acc: 99.15%
[INFO] 2021-12-01 17:16:29,983: > Validation
[INFO] 2021-12-01 17:16:31,900: Loss: 0.0098 / Acc: 99.75%
[INFO] 2021-12-01 17:16:31,900: ==> Epoch 92
[INFO] 2021-12-01 17:16:31,900: > Training
[INFO] 2021-12-01 17:16:50,246: Loss: 0.0254 / Acc: 99.09%
[INFO] 2021-12-01 17:16:50,246: > Validation
[INFO] 2021-12-01 17:16:52,140: Loss: 0.0097 / Acc: 99.81%
[INFO] 2021-12-01 17:16:52,141: ==> Epoch 93
[INFO] 2021-12-01 17:16:52,141: > Training
[INFO] 2021-12-01 17:17:10,164: Loss: 0.0283 / Acc: 98.92%
[INFO] 2021-12-01 17:17:10,164: > Validation
[INFO] 2021-12-01 17:17:12,152: Loss: 0.0304 / Acc: 99.23%
[INFO] 2021-12-01 17:17:12,153: ==> Epoch 94
[INFO] 2021-12-01 17:17:12,153: > Training
[INFO] 2021-12-01 17:17:30,338: Loss: 0.0241 / Acc: 98.99%
[INFO] 2021-12-01 17:17:30,339: > Validation
[INFO] 2021-12-01 17:17:32,380: Loss: 0.0078 / Acc: 99.79%
[INFO] 2021-12-01 17:17:32,380: ==> Epoch 95
[INFO] 2021-12-01 17:17:32,380: > Training
[INFO] 2021-12-01 17:17:51,098: Loss: 0.0274 / Acc: 98.91%
[INFO] 2021-12-01 17:17:51,099: > Validation
[INFO] 2021-12-01 17:17:53,323: Loss: 0.0114 / Acc: 99.49%
[INFO] 2021-12-01 17:17:53,324: ==> Epoch 96
[INFO] 2021-12-01 17:17:53,324: > Training
[INFO] 2021-12-01 17:18:11,561: Loss: 0.0237 / Acc: 99.15%
[INFO] 2021-12-01 17:18:11,562: > Validation
[INFO] 2021-12-01 17:18:13,533: Loss: 0.0144 / Acc: 99.61%
[INFO] 2021-12-01 17:18:13,534: ==> Epoch 97
[INFO] 2021-12-01 17:18:13,534: > Training
[INFO] 2021-12-01 17:18:31,495: Loss: 0.0288 / Acc: 98.90%
[INFO] 2021-12-01 17:18:31,495: > Validation
[INFO] 2021-12-01 17:18:33,577: Loss: 0.0128 / Acc: 99.71%
[INFO] 2021-12-01 17:18:33,578: ==> Epoch 98
[INFO] 2021-12-01 17:18:33,578: > Training
[INFO] 2021-12-01 17:18:51,719: Loss: 0.0225 / Acc: 99.14%
[INFO] 2021-12-01 17:18:51,719: > Validation
[INFO] 2021-12-01 17:18:53,751: Loss: 0.0148 / Acc: 99.72%
[INFO] 2021-12-01 17:18:53,752: ==> Epoch 99
[INFO] 2021-12-01 17:18:53,752: > Training
[INFO] 2021-12-01 17:19:12,437: Loss: 0.0286 / Acc: 98.92%
[INFO] 2021-12-01 17:19:12,437: > Validation
[INFO] 2021-12-01 17:19:14,482: Loss: 0.0176 / Acc: 99.57%
[INFO] 2021-12-01 17:19:14,482: ==> Epoch 100
[INFO] 2021-12-01 17:19:14,482: > Training
[INFO] 2021-12-01 17:19:32,762: Loss: 0.0209 / Acc: 99.26%
[INFO] 2021-12-01 17:19:32,762: > Validation
[INFO] 2021-12-01 17:19:34,812: Loss: 0.0162 / Acc: 99.76%
[INFO] 2021-12-01 17:19:34,813: ==> Epoch 101
[INFO] 2021-12-01 17:19:34,813: > Training
[INFO] 2021-12-01 17:19:53,348: Loss: 0.0243 / Acc: 99.11%
[INFO] 2021-12-01 17:19:53,349: > Validation
[INFO] 2021-12-01 17:19:55,356: Loss: 0.0216 / Acc: 99.37%
[INFO] 2021-12-01 17:19:55,357: ==> Epoch 102
[INFO] 2021-12-01 17:19:55,357: > Training
[INFO] 2021-12-01 17:20:13,374: Loss: 0.0256 / Acc: 99.04%
[INFO] 2021-12-01 17:20:13,375: > Validation
[INFO] 2021-12-01 17:20:15,243: Loss: 0.0105 / Acc: 99.65%
[INFO] 2021-12-01 17:20:15,243: ==> Epoch 103
[INFO] 2021-12-01 17:20:15,243: > Training
[INFO] 2021-12-01 17:20:37,143: Loss: 0.0228 / Acc: 99.15%
[INFO] 2021-12-01 17:20:37,144: > Validation
[INFO] 2021-12-01 17:20:39,223: Loss: 0.0085 / Acc: 99.69%
[INFO] 2021-12-01 17:20:39,224: ==> Epoch 104
[INFO] 2021-12-01 17:20:39,224: > Training
[INFO] 2021-12-01 17:20:57,897: Loss: 0.0240 / Acc: 99.00%
[INFO] 2021-12-01 17:20:57,898: > Validation
[INFO] 2021-12-01 17:20:59,890: Loss: 0.0170 / Acc: 99.61%
[INFO] 2021-12-01 17:20:59,890: ==> Epoch 105
[INFO] 2021-12-01 17:20:59,891: > Training
[INFO] 2021-12-01 17:21:17,933: Loss: 0.0232 / Acc: 99.11%
[INFO] 2021-12-01 17:21:17,933: > Validation
[INFO] 2021-12-01 17:21:19,912: Loss: 0.0144 / Acc: 99.47%
[INFO] 2021-12-01 17:21:19,913: ==> Epoch 106
[INFO] 2021-12-01 17:21:19,913: > Training
[INFO] 2021-12-01 17:21:38,092: Loss: 0.0232 / Acc: 99.21%
[INFO] 2021-12-01 17:21:38,093: > Validation
[INFO] 2021-12-01 17:21:39,981: Loss: 0.0095 / Acc: 99.79%
[INFO] 2021-12-01 17:21:39,982: ==> Epoch 107
[INFO] 2021-12-01 17:21:39,982: > Training
[INFO] 2021-12-01 17:22:02,051: Loss: 0.0235 / Acc: 99.04%
[INFO] 2021-12-01 17:22:02,052: > Validation
[INFO] 2021-12-01 17:22:03,971: Loss: 0.0185 / Acc: 99.47%
[INFO] 2021-12-01 17:22:03,971: ==> Epoch 108
[INFO] 2021-12-01 17:22:03,972: > Training
[INFO] 2021-12-01 17:22:21,917: Loss: 0.0218 / Acc: 99.15%
[INFO] 2021-12-01 17:22:21,917: > Validation
[INFO] 2021-12-01 17:22:23,808: Loss: 0.0076 / Acc: 99.75%
[INFO] 2021-12-01 17:22:23,809: ==> Epoch 109
[INFO] 2021-12-01 17:22:23,809: > Training
[INFO] 2021-12-01 17:22:42,367: Loss: 0.0244 / Acc: 99.05%
[INFO] 2021-12-01 17:22:42,368: > Validation
[INFO] 2021-12-01 17:22:44,354: Loss: 0.0132 / Acc: 99.60%
[INFO] 2021-12-01 17:22:44,355: ==> Epoch 110
[INFO] 2021-12-01 17:22:44,355: > Training
[INFO] 2021-12-01 17:23:02,508: Loss: 0.0262 / Acc: 98.98%
[INFO] 2021-12-01 17:23:02,508: > Validation
[INFO] 2021-12-01 17:23:04,494: Loss: 0.0112 / Acc: 99.76%
[INFO] 2021-12-01 17:23:04,494: ==> Epoch 111
[INFO] 2021-12-01 17:23:04,494: > Training
[INFO] 2021-12-01 17:23:22,349: Loss: 0.0225 / Acc: 99.15%
[INFO] 2021-12-01 17:23:22,350: > Validation
[INFO] 2021-12-01 17:23:24,415: Loss: 0.0100 / Acc: 99.75%
[INFO] 2021-12-01 17:23:24,416: ==> Epoch 112
[INFO] 2021-12-01 17:23:24,416: > Training
[INFO] 2021-12-01 17:23:42,301: Loss: 0.0218 / Acc: 99.16%
[INFO] 2021-12-01 17:23:42,302: > Validation
[INFO] 2021-12-01 17:23:44,281: Loss: 0.0083 / Acc: 99.69%
[INFO] 2021-12-01 17:23:44,282: ==> Epoch 113
[INFO] 2021-12-01 17:23:44,282: > Training
[INFO] 2021-12-01 17:24:03,351: Loss: 0.0212 / Acc: 99.23%
[INFO] 2021-12-01 17:24:03,352: > Validation
[INFO] 2021-12-01 17:24:05,308: Loss: 0.0171 / Acc: 99.67%
[INFO] 2021-12-01 17:24:05,308: ==> Epoch 114
[INFO] 2021-12-01 17:24:05,309: > Training
[INFO] 2021-12-01 17:24:24,148: Loss: 0.0250 / Acc: 99.01%
[INFO] 2021-12-01 17:24:24,149: > Validation
[INFO] 2021-12-01 17:24:26,119: Loss: 0.0109 / Acc: 99.77%
[INFO] 2021-12-01 17:24:26,120: ==> Epoch 115
[INFO] 2021-12-01 17:24:26,120: > Training
[INFO] 2021-12-01 17:24:44,363: Loss: 0.0243 / Acc: 99.08%
[INFO] 2021-12-01 17:24:44,364: > Validation
[INFO] 2021-12-01 17:24:46,394: Loss: 0.0063 / Acc: 99.85%
[INFO] 2021-12-01 17:24:46,395: ==> Epoch 116
[INFO] 2021-12-01 17:24:46,395: > Training
[INFO] 2021-12-01 17:25:04,945: Loss: 0.0256 / Acc: 99.07%
[INFO] 2021-12-01 17:25:04,946: > Validation
[INFO] 2021-12-01 17:25:07,095: Loss: 0.0051 / Acc: 99.91%
[INFO] 2021-12-01 17:25:07,103: => This is the best model so far! Saving...
[INFO] 2021-12-01 17:25:07,103: ==> Epoch 117
[INFO] 2021-12-01 17:25:07,103: > Training
[INFO] 2021-12-01 17:25:25,927: Loss: 0.0238 / Acc: 98.98%
[INFO] 2021-12-01 17:25:25,928: > Validation
[INFO] 2021-12-01 17:25:27,922: Loss: 0.0138 / Acc: 99.56%
[INFO] 2021-12-01 17:25:27,922: ==> Epoch 118
[INFO] 2021-12-01 17:25:27,923: > Training
[INFO] 2021-12-01 17:25:46,574: Loss: 0.0241 / Acc: 99.04%
[INFO] 2021-12-01 17:25:46,575: > Validation
[INFO] 2021-12-01 17:25:48,652: Loss: 0.0111 / Acc: 99.69%
[INFO] 2021-12-01 17:25:48,652: ==> Epoch 119
[INFO] 2021-12-01 17:25:48,652: > Training
[INFO] 2021-12-01 17:26:07,649: Loss: 0.0266 / Acc: 98.95%
[INFO] 2021-12-01 17:26:07,650: > Validation
[INFO] 2021-12-01 17:26:09,575: Loss: 0.0128 / Acc: 99.72%
[INFO] 2021-12-01 17:26:09,576: ==> Epoch 120
[INFO] 2021-12-01 17:26:09,576: > Training
[INFO] 2021-12-01 17:26:28,833: Loss: 0.0222 / Acc: 99.15%
[INFO] 2021-12-01 17:26:28,833: > Validation
[INFO] 2021-12-01 17:26:30,778: Loss: 0.0102 / Acc: 99.71%
[INFO] 2021-12-01 17:26:30,778: ==> Epoch 121
[INFO] 2021-12-01 17:26:30,779: > Training
[INFO] 2021-12-01 17:26:49,353: Loss: 0.0259 / Acc: 99.02%
[INFO] 2021-12-01 17:26:49,354: > Validation
[INFO] 2021-12-01 17:26:51,416: Loss: 0.0144 / Acc: 99.71%
[INFO] 2021-12-01 17:26:51,417: ==> Epoch 122
[INFO] 2021-12-01 17:26:51,417: > Training
[INFO] 2021-12-01 17:27:10,138: Loss: 0.0197 / Acc: 99.28%
[INFO] 2021-12-01 17:27:10,139: > Validation
[INFO] 2021-12-01 17:27:12,184: Loss: 0.0126 / Acc: 99.67%
[INFO] 2021-12-01 17:27:12,185: ==> Epoch 123
[INFO] 2021-12-01 17:27:12,185: > Training
[INFO] 2021-12-01 17:27:30,642: Loss: 0.0238 / Acc: 99.12%
[INFO] 2021-12-01 17:27:30,643: > Validation
[INFO] 2021-12-01 17:27:32,636: Loss: 0.0151 / Acc: 99.61%
[INFO] 2021-12-01 17:27:32,637: ==> Epoch 124
[INFO] 2021-12-01 17:27:32,637: > Training
[INFO] 2021-12-01 17:27:51,894: Loss: 0.0215 / Acc: 99.22%
[INFO] 2021-12-01 17:27:51,894: > Validation
[INFO] 2021-12-01 17:27:53,939: Loss: 0.0072 / Acc: 99.84%
[INFO] 2021-12-01 17:27:53,940: ==> Epoch 125
[INFO] 2021-12-01 17:27:53,940: > Training
[INFO] 2021-12-01 17:28:12,856: Loss: 0.0235 / Acc: 99.05%
[INFO] 2021-12-01 17:28:12,857: > Validation
[INFO] 2021-12-01 17:28:14,896: Loss: 0.0133 / Acc: 99.61%
[INFO] 2021-12-01 17:28:14,896: ==> Epoch 126
[INFO] 2021-12-01 17:28:14,896: > Training
[INFO] 2021-12-01 17:28:33,663: Loss: 0.0271 / Acc: 98.99%
[INFO] 2021-12-01 17:28:33,663: > Validation
[INFO] 2021-12-01 17:28:35,654: Loss: 0.0169 / Acc: 99.59%
[INFO] 2021-12-01 17:28:35,654: ==> Epoch 127
[INFO] 2021-12-01 17:28:35,654: > Training
[INFO] 2021-12-01 17:28:54,516: Loss: 0.0246 / Acc: 98.99%
[INFO] 2021-12-01 17:28:54,517: > Validation
[INFO] 2021-12-01 17:28:56,334: Loss: 0.0202 / Acc: 99.63%
[INFO] 2021-12-01 17:28:56,334: ==> Epoch 128
[INFO] 2021-12-01 17:28:56,335: > Training
[INFO] 2021-12-01 17:29:19,204: Loss: 0.0230 / Acc: 99.17%
[INFO] 2021-12-01 17:29:19,204: > Validation
[INFO] 2021-12-01 17:29:21,244: Loss: 0.0107 / Acc: 99.76%
[INFO] 2021-12-01 17:29:21,244: ==> Epoch 129
[INFO] 2021-12-01 17:29:21,244: > Training
[INFO] 2021-12-01 17:29:40,142: Loss: 0.0243 / Acc: 99.08%
[INFO] 2021-12-01 17:29:40,142: > Validation
[INFO] 2021-12-01 17:29:42,073: Loss: 0.0100 / Acc: 99.73%
[INFO] 2021-12-01 17:29:42,073: ==> Epoch 130
[INFO] 2021-12-01 17:29:42,074: > Training
[INFO] 2021-12-01 17:30:01,030: Loss: 0.0242 / Acc: 99.05%
[INFO] 2021-12-01 17:30:01,030: > Validation
[INFO] 2021-12-01 17:30:03,104: Loss: 0.0142 / Acc: 99.57%
[INFO] 2021-12-01 17:30:03,104: ==> Epoch 131
[INFO] 2021-12-01 17:30:03,105: > Training
[INFO] 2021-12-01 17:30:22,050: Loss: 0.0200 / Acc: 99.24%
[INFO] 2021-12-01 17:30:22,051: > Validation
[INFO] 2021-12-01 17:30:23,976: Loss: 0.0110 / Acc: 99.83%
[INFO] 2021-12-01 17:30:23,976: ==> Epoch 132
[INFO] 2021-12-01 17:30:23,977: > Training
[INFO] 2021-12-01 17:30:46,351: Loss: 0.0276 / Acc: 98.90%
[INFO] 2021-12-01 17:30:46,352: > Validation
[INFO] 2021-12-01 17:30:48,428: Loss: 0.0101 / Acc: 99.79%
[INFO] 2021-12-01 17:30:48,429: ==> Epoch 133
[INFO] 2021-12-01 17:30:48,429: > Training
[INFO] 2021-12-01 17:31:06,946: Loss: 0.0245 / Acc: 99.04%
[INFO] 2021-12-01 17:31:06,946: > Validation
[INFO] 2021-12-01 17:31:08,952: Loss: 0.0106 / Acc: 99.68%
[INFO] 2021-12-01 17:31:08,953: ==> Epoch 134
[INFO] 2021-12-01 17:31:08,953: > Training
[INFO] 2021-12-01 17:31:27,454: Loss: 0.0262 / Acc: 98.91%
[INFO] 2021-12-01 17:31:27,454: > Validation
[INFO] 2021-12-01 17:31:29,554: Loss: 0.0088 / Acc: 99.75%
[INFO] 2021-12-01 17:31:29,554: ==> Epoch 135
[INFO] 2021-12-01 17:31:29,555: > Training
[INFO] 2021-12-01 17:31:47,937: Loss: 0.0203 / Acc: 99.21%
[INFO] 2021-12-01 17:31:47,937: > Validation
[INFO] 2021-12-01 17:31:49,913: Loss: 0.0105 / Acc: 99.68%
[INFO] 2021-12-01 17:31:49,914: ==> Epoch 136
[INFO] 2021-12-01 17:31:49,914: > Training
[INFO] 2021-12-01 17:32:08,446: Loss: 0.0210 / Acc: 99.24%
[INFO] 2021-12-01 17:32:08,447: > Validation
[INFO] 2021-12-01 17:32:10,372: Loss: 0.0079 / Acc: 99.76%
[INFO] 2021-12-01 17:32:10,373: ==> Epoch 137
[INFO] 2021-12-01 17:32:10,373: > Training
[INFO] 2021-12-01 17:32:29,012: Loss: 0.0229 / Acc: 99.15%
[INFO] 2021-12-01 17:32:29,013: > Validation
[INFO] 2021-12-01 17:32:31,038: Loss: 0.0075 / Acc: 99.72%
[INFO] 2021-12-01 17:32:31,039: ==> Epoch 138
[INFO] 2021-12-01 17:32:31,039: > Training
[INFO] 2021-12-01 17:32:49,918: Loss: 0.0220 / Acc: 99.19%
[INFO] 2021-12-01 17:32:49,919: > Validation
[INFO] 2021-12-01 17:32:52,052: Loss: 0.0116 / Acc: 99.72%
[INFO] 2021-12-01 17:32:52,052: ==> Epoch 139
[INFO] 2021-12-01 17:32:52,053: > Training
[INFO] 2021-12-01 17:33:10,475: Loss: 0.0215 / Acc: 99.17%
[INFO] 2021-12-01 17:33:10,476: > Validation
[INFO] 2021-12-01 17:33:12,469: Loss: 0.0132 / Acc: 99.59%
[INFO] 2021-12-01 17:33:12,469: ==> Epoch 140
[INFO] 2021-12-01 17:33:12,469: > Training
[INFO] 2021-12-01 17:33:31,350: Loss: 0.0252 / Acc: 98.97%
[INFO] 2021-12-01 17:33:31,351: > Validation
[INFO] 2021-12-01 17:33:33,362: Loss: 0.0104 / Acc: 99.79%
[INFO] 2021-12-01 17:33:33,362: ==> Epoch 141
[INFO] 2021-12-01 17:33:33,363: > Training
[INFO] 2021-12-01 17:33:52,070: Loss: 0.0227 / Acc: 99.07%
[INFO] 2021-12-01 17:33:52,070: > Validation
[INFO] 2021-12-01 17:33:54,008: Loss: 0.0118 / Acc: 99.75%
[INFO] 2021-12-01 17:33:54,009: ==> Epoch 142
[INFO] 2021-12-01 17:33:54,009: > Training
[INFO] 2021-12-01 17:34:12,789: Loss: 0.0221 / Acc: 99.17%
[INFO] 2021-12-01 17:34:12,790: > Validation
[INFO] 2021-12-01 17:34:14,893: Loss: 0.0090 / Acc: 99.77%
[INFO] 2021-12-01 17:34:14,893: ==> Epoch 143
[INFO] 2021-12-01 17:34:14,894: > Training
[INFO] 2021-12-01 17:34:33,322: Loss: 0.0242 / Acc: 99.05%
[INFO] 2021-12-01 17:34:33,323: > Validation
[INFO] 2021-12-01 17:34:35,308: Loss: 0.0123 / Acc: 99.73%
[INFO] 2021-12-01 17:34:35,309: ==> Epoch 144
[INFO] 2021-12-01 17:34:35,309: > Training
[INFO] 2021-12-01 17:34:53,563: Loss: 0.0243 / Acc: 99.06%
[INFO] 2021-12-01 17:34:53,564: > Validation
[INFO] 2021-12-01 17:34:55,560: Loss: 0.0099 / Acc: 99.69%
[INFO] 2021-12-01 17:34:55,561: ==> Epoch 145
[INFO] 2021-12-01 17:34:55,561: > Training
[INFO] 2021-12-01 17:35:14,758: Loss: 0.0230 / Acc: 99.13%
[INFO] 2021-12-01 17:35:14,758: > Validation
[INFO] 2021-12-01 17:35:16,670: Loss: 0.0146 / Acc: 99.64%
[INFO] 2021-12-01 17:35:16,671: ==> Epoch 146
[INFO] 2021-12-01 17:35:16,671: > Training
[INFO] 2021-12-01 17:35:35,151: Loss: 0.0234 / Acc: 99.10%
[INFO] 2021-12-01 17:35:35,152: > Validation
[INFO] 2021-12-01 17:35:37,140: Loss: 0.0111 / Acc: 99.67%
[INFO] 2021-12-01 17:35:37,141: ==> Epoch 147
[INFO] 2021-12-01 17:35:37,141: > Training
[INFO] 2021-12-01 17:35:55,326: Loss: 0.0239 / Acc: 99.10%
[INFO] 2021-12-01 17:35:55,326: > Validation
[INFO] 2021-12-01 17:35:57,236: Loss: 0.0083 / Acc: 99.73%
[INFO] 2021-12-01 17:35:57,237: ==> Epoch 148
[INFO] 2021-12-01 17:35:57,237: > Training
[INFO] 2021-12-01 17:36:15,831: Loss: 0.0215 / Acc: 99.18%
[INFO] 2021-12-01 17:36:15,831: > Validation
[INFO] 2021-12-01 17:36:17,789: Loss: 0.0160 / Acc: 99.61%
[INFO] 2021-12-01 17:36:17,790: ==> Epoch 149
[INFO] 2021-12-01 17:36:17,790: > Training
[INFO] 2021-12-01 17:36:36,712: Loss: 0.0215 / Acc: 99.16%
[INFO] 2021-12-01 17:36:36,713: > Validation
[INFO] 2021-12-01 17:36:38,661: Loss: 0.0060 / Acc: 99.75%
[INFO] 2021-12-01 17:36:38,661: ==> Epoch 150
[INFO] 2021-12-01 17:36:38,662: > Training
[INFO] 2021-12-01 17:36:57,222: Loss: 0.0222 / Acc: 99.11%
[INFO] 2021-12-01 17:36:57,222: > Validation
[INFO] 2021-12-01 17:36:59,248: Loss: 0.0061 / Acc: 99.75%
[INFO] 2021-12-01 17:36:59,249: ==> Epoch 151
[INFO] 2021-12-01 17:36:59,249: > Training
[INFO] 2021-12-01 17:37:17,930: Loss: 0.0273 / Acc: 98.92%
[INFO] 2021-12-01 17:37:17,931: > Validation
[INFO] 2021-12-01 17:37:20,050: Loss: 0.0130 / Acc: 99.56%
[INFO] 2021-12-01 17:37:20,050: ==> Epoch 152
[INFO] 2021-12-01 17:37:20,051: > Training
[INFO] 2021-12-01 17:37:38,813: Loss: 0.0214 / Acc: 99.11%
[INFO] 2021-12-01 17:37:38,813: > Validation
[INFO] 2021-12-01 17:37:40,680: Loss: 0.0111 / Acc: 99.76%
[INFO] 2021-12-01 17:37:40,681: ==> Epoch 153
[INFO] 2021-12-01 17:37:40,681: > Training
[INFO] 2021-12-01 17:38:03,080: Loss: 0.0189 / Acc: 99.25%
[INFO] 2021-12-01 17:38:03,081: > Validation
[INFO] 2021-12-01 17:38:05,189: Loss: 0.0142 / Acc: 99.73%
[INFO] 2021-12-01 17:38:05,190: ==> Epoch 154
[INFO] 2021-12-01 17:38:05,190: > Training
[INFO] 2021-12-01 17:38:23,990: Loss: 0.0262 / Acc: 98.97%
[INFO] 2021-12-01 17:38:23,991: > Validation
[INFO] 2021-12-01 17:38:25,982: Loss: 0.0169 / Acc: 99.49%
[INFO] 2021-12-01 17:38:25,983: ==> Epoch 155
[INFO] 2021-12-01 17:38:25,983: > Training
[INFO] 2021-12-01 17:38:44,483: Loss: 0.0235 / Acc: 99.07%
[INFO] 2021-12-01 17:38:44,483: > Validation
[INFO] 2021-12-01 17:38:46,467: Loss: 0.0209 / Acc: 99.55%
[INFO] 2021-12-01 17:38:46,467: ==> Epoch 156
[INFO] 2021-12-01 17:38:46,468: > Training
[INFO] 2021-12-01 17:39:04,488: Loss: 0.0226 / Acc: 99.14%
[INFO] 2021-12-01 17:39:04,489: > Validation
[INFO] 2021-12-01 17:39:06,407: Loss: 0.0127 / Acc: 99.79%
[INFO] 2021-12-01 17:39:06,407: ==> Epoch 157
[INFO] 2021-12-01 17:39:06,408: > Training
[INFO] 2021-12-01 17:39:28,766: Loss: 0.0205 / Acc: 99.16%
[INFO] 2021-12-01 17:39:28,767: > Validation
[INFO] 2021-12-01 17:39:30,731: Loss: 0.0129 / Acc: 99.68%
[INFO] 2021-12-01 17:39:30,731: ==> Epoch 158
[INFO] 2021-12-01 17:39:30,732: > Training
[INFO] 2021-12-01 17:39:48,998: Loss: 0.0221 / Acc: 99.13%
[INFO] 2021-12-01 17:39:48,999: > Validation
[INFO] 2021-12-01 17:39:51,104: Loss: 0.0081 / Acc: 99.80%
[INFO] 2021-12-01 17:39:51,105: ==> Epoch 159
[INFO] 2021-12-01 17:39:51,105: > Training
[INFO] 2021-12-01 17:40:09,618: Loss: 0.0225 / Acc: 99.15%
[INFO] 2021-12-01 17:40:09,619: > Validation
[INFO] 2021-12-01 17:40:11,640: Loss: 0.0085 / Acc: 99.72%
[INFO] 2021-12-01 17:40:11,641: ==> Epoch 160
[INFO] 2021-12-01 17:40:11,641: > Training
[INFO] 2021-12-01 17:40:29,709: Loss: 0.0201 / Acc: 99.26%
[INFO] 2021-12-01 17:40:29,710: > Validation
[INFO] 2021-12-01 17:40:31,705: Loss: 0.0128 / Acc: 99.72%
[INFO] 2021-12-01 17:40:31,706: ==> Epoch 161
[INFO] 2021-12-01 17:40:31,706: > Training
[INFO] 2021-12-01 17:40:50,007: Loss: 0.0226 / Acc: 99.15%
[INFO] 2021-12-01 17:40:50,008: > Validation
[INFO] 2021-12-01 17:40:52,052: Loss: 0.0139 / Acc: 99.68%
[INFO] 2021-12-01 17:40:52,053: ==> Epoch 162
[INFO] 2021-12-01 17:40:52,053: > Training
[INFO] 2021-12-01 17:41:10,740: Loss: 0.0230 / Acc: 99.16%
[INFO] 2021-12-01 17:41:10,740: > Validation
[INFO] 2021-12-01 17:41:12,681: Loss: 0.0122 / Acc: 99.63%
[INFO] 2021-12-01 17:41:12,681: ==> Epoch 163
[INFO] 2021-12-01 17:41:12,682: > Training
[INFO] 2021-12-01 17:41:30,510: Loss: 0.0228 / Acc: 99.09%
[INFO] 2021-12-01 17:41:30,511: > Validation
[INFO] 2021-12-01 17:41:32,351: Loss: 0.0137 / Acc: 99.76%
[INFO] 2021-12-01 17:41:32,352: ==> Epoch 164
[INFO] 2021-12-01 17:41:32,352: > Training
[INFO] 2021-12-01 17:41:50,393: Loss: 0.0240 / Acc: 99.10%
[INFO] 2021-12-01 17:41:50,394: > Validation
[INFO] 2021-12-01 17:41:52,371: Loss: 0.0158 / Acc: 99.64%
[INFO] 2021-12-01 17:41:52,372: ==> Epoch 165
[INFO] 2021-12-01 17:41:52,372: > Training
[INFO] 2021-12-01 17:42:10,777: Loss: 0.0218 / Acc: 99.18%
[INFO] 2021-12-01 17:42:10,778: > Validation
[INFO] 2021-12-01 17:42:12,716: Loss: 0.0131 / Acc: 99.80%
[INFO] 2021-12-01 17:42:12,717: ==> Epoch 166
[INFO] 2021-12-01 17:42:12,717: > Training
[INFO] 2021-12-01 17:42:31,209: Loss: 0.0239 / Acc: 99.04%
[INFO] 2021-12-01 17:42:31,209: > Validation
[INFO] 2021-12-01 17:42:33,159: Loss: 0.0119 / Acc: 99.68%
[INFO] 2021-12-01 17:42:33,160: ==> Epoch 167
[INFO] 2021-12-01 17:42:33,160: > Training
[INFO] 2021-12-01 17:42:51,606: Loss: 0.0250 / Acc: 99.05%
[INFO] 2021-12-01 17:42:51,607: > Validation
[INFO] 2021-12-01 17:42:53,680: Loss: 0.0197 / Acc: 99.57%
[INFO] 2021-12-01 17:42:53,680: ==> Epoch 168
[INFO] 2021-12-01 17:42:53,680: > Training
[INFO] 2021-12-01 17:43:12,127: Loss: 0.0222 / Acc: 99.14%
[INFO] 2021-12-01 17:43:12,128: > Validation
[INFO] 2021-12-01 17:43:14,093: Loss: 0.0048 / Acc: 99.89%
[INFO] 2021-12-01 17:43:14,101: => This is the best model so far! Saving...
[INFO] 2021-12-01 17:43:14,102: ==> Epoch 169
[INFO] 2021-12-01 17:43:14,102: > Training
[INFO] 2021-12-01 17:43:32,476: Loss: 0.0205 / Acc: 99.16%
[INFO] 2021-12-01 17:43:32,476: > Validation
[INFO] 2021-12-01 17:43:34,455: Loss: 0.0110 / Acc: 99.80%
[INFO] 2021-12-01 17:43:34,455: ==> Epoch 170
[INFO] 2021-12-01 17:43:34,456: > Training
[INFO] 2021-12-01 17:43:53,403: Loss: 0.0248 / Acc: 99.05%
[INFO] 2021-12-01 17:43:53,403: > Validation
[INFO] 2021-12-01 17:43:55,384: Loss: 0.0188 / Acc: 99.69%
[INFO] 2021-12-01 17:43:55,384: ==> Epoch 171
[INFO] 2021-12-01 17:43:55,385: > Training
[INFO] 2021-12-01 17:44:14,036: Loss: 0.0190 / Acc: 99.25%
[INFO] 2021-12-01 17:44:14,036: > Validation
[INFO] 2021-12-01 17:44:15,993: Loss: 0.0078 / Acc: 99.76%
[INFO] 2021-12-01 17:44:15,994: ==> Epoch 172
[INFO] 2021-12-01 17:44:15,994: > Training
[INFO] 2021-12-01 17:44:34,648: Loss: 0.0219 / Acc: 99.16%
[INFO] 2021-12-01 17:44:34,648: > Validation
[INFO] 2021-12-01 17:44:36,731: Loss: 0.0084 / Acc: 99.72%
[INFO] 2021-12-01 17:44:36,731: ==> Epoch 173
[INFO] 2021-12-01 17:44:36,732: > Training
[INFO] 2021-12-01 17:44:55,281: Loss: 0.0230 / Acc: 99.12%
[INFO] 2021-12-01 17:44:55,281: > Validation
[INFO] 2021-12-01 17:44:57,203: Loss: 0.0183 / Acc: 99.56%
[INFO] 2021-12-01 17:44:57,204: ==> Epoch 174
[INFO] 2021-12-01 17:44:57,204: > Training
[INFO] 2021-12-01 17:45:16,415: Loss: 0.0244 / Acc: 99.09%
[INFO] 2021-12-01 17:45:16,415: > Validation
[INFO] 2021-12-01 17:45:18,588: Loss: 0.0104 / Acc: 99.77%
[INFO] 2021-12-01 17:45:18,589: ==> Epoch 175
[INFO] 2021-12-01 17:45:18,589: > Training
[INFO] 2021-12-01 17:45:36,989: Loss: 0.0248 / Acc: 99.11%
[INFO] 2021-12-01 17:45:36,990: > Validation
[INFO] 2021-12-01 17:45:38,996: Loss: 0.0148 / Acc: 99.71%
[INFO] 2021-12-01 17:45:38,997: ==> Epoch 176
[INFO] 2021-12-01 17:45:38,997: > Training
[INFO] 2021-12-01 17:45:57,343: Loss: 0.0200 / Acc: 99.23%
[INFO] 2021-12-01 17:45:57,344: > Validation
[INFO] 2021-12-01 17:45:59,386: Loss: 0.0155 / Acc: 99.79%
[INFO] 2021-12-01 17:45:59,386: ==> Epoch 177
[INFO] 2021-12-01 17:45:59,387: > Training
[INFO] 2021-12-01 17:46:17,721: Loss: 0.0242 / Acc: 99.03%
[INFO] 2021-12-01 17:46:17,722: > Validation
[INFO] 2021-12-01 17:46:19,562: Loss: 0.0106 / Acc: 99.68%
[INFO] 2021-12-01 17:46:19,563: ==> Epoch 178
[INFO] 2021-12-01 17:46:19,563: > Training
[INFO] 2021-12-01 17:46:41,957: Loss: 0.0204 / Acc: 99.26%
[INFO] 2021-12-01 17:46:41,958: > Validation
[INFO] 2021-12-01 17:46:43,956: Loss: 0.0132 / Acc: 99.69%
[INFO] 2021-12-01 17:46:43,957: ==> Epoch 179
[INFO] 2021-12-01 17:46:43,957: > Training
[INFO] 2021-12-01 17:47:02,793: Loss: 0.0222 / Acc: 99.14%
[INFO] 2021-12-01 17:47:02,794: > Validation
[INFO] 2021-12-01 17:47:04,794: Loss: 0.0129 / Acc: 99.61%
[INFO] 2021-12-01 17:47:04,795: ==> Epoch 180
[INFO] 2021-12-01 17:47:04,795: > Training
[INFO] 2021-12-01 17:47:23,153: Loss: 0.0200 / Acc: 99.28%
[INFO] 2021-12-01 17:47:23,154: > Validation
[INFO] 2021-12-01 17:47:25,264: Loss: 0.0023 / Acc: 99.91%
[INFO] 2021-12-01 17:47:25,272: => This is the best model so far! Saving...
[INFO] 2021-12-01 17:47:25,273: ==> Epoch 181
[INFO] 2021-12-01 17:47:25,273: > Training
[INFO] 2021-12-01 17:47:43,885: Loss: 0.0201 / Acc: 99.22%
[INFO] 2021-12-01 17:47:43,886: > Validation
[INFO] 2021-12-01 17:47:45,849: Loss: 0.0166 / Acc: 99.57%
[INFO] 2021-12-01 17:47:45,849: ==> Epoch 182
[INFO] 2021-12-01 17:47:45,849: > Training
[INFO] 2021-12-01 17:48:08,443: Loss: 0.0211 / Acc: 99.23%
[INFO] 2021-12-01 17:48:08,443: > Validation
[INFO] 2021-12-01 17:48:10,469: Loss: 0.0122 / Acc: 99.56%
[INFO] 2021-12-01 17:48:10,470: ==> Epoch 183
[INFO] 2021-12-01 17:48:10,470: > Training
[INFO] 2021-12-01 17:48:28,933: Loss: 0.0215 / Acc: 99.18%
[INFO] 2021-12-01 17:48:28,934: > Validation
[INFO] 2021-12-01 17:48:30,897: Loss: 0.0151 / Acc: 99.61%
[INFO] 2021-12-01 17:48:30,897: ==> Epoch 184
[INFO] 2021-12-01 17:48:30,898: > Training
[INFO] 2021-12-01 17:48:49,619: Loss: 0.0216 / Acc: 99.17%
[INFO] 2021-12-01 17:48:49,620: > Validation
[INFO] 2021-12-01 17:48:51,677: Loss: 0.0106 / Acc: 99.75%
[INFO] 2021-12-01 17:48:51,677: ==> Epoch 185
[INFO] 2021-12-01 17:48:51,678: > Training
[INFO] 2021-12-01 17:49:10,466: Loss: 0.0225 / Acc: 99.17%
[INFO] 2021-12-01 17:49:10,467: > Validation
[INFO] 2021-12-01 17:49:12,373: Loss: 0.0177 / Acc: 99.56%
[INFO] 2021-12-01 17:49:12,374: ==> Epoch 186
[INFO] 2021-12-01 17:49:12,374: > Training
[INFO] 2021-12-01 17:49:30,985: Loss: 0.0187 / Acc: 99.39%
[INFO] 2021-12-01 17:49:30,986: > Validation
[INFO] 2021-12-01 17:49:33,049: Loss: 0.0166 / Acc: 99.68%
[INFO] 2021-12-01 17:49:33,049: ==> Epoch 187
[INFO] 2021-12-01 17:49:33,050: > Training
[INFO] 2021-12-01 17:49:51,331: Loss: 0.0246 / Acc: 99.06%
[INFO] 2021-12-01 17:49:51,331: > Validation
[INFO] 2021-12-01 17:49:53,276: Loss: 0.0134 / Acc: 99.71%
[INFO] 2021-12-01 17:49:53,277: ==> Epoch 188
[INFO] 2021-12-01 17:49:53,277: > Training
[INFO] 2021-12-01 17:50:11,682: Loss: 0.0240 / Acc: 99.03%
[INFO] 2021-12-01 17:50:11,682: > Validation
[INFO] 2021-12-01 17:50:13,728: Loss: 0.0105 / Acc: 99.79%
[INFO] 2021-12-01 17:50:13,728: ==> Epoch 189
[INFO] 2021-12-01 17:50:13,728: > Training
[INFO] 2021-12-01 17:50:32,427: Loss: 0.0239 / Acc: 99.05%
[INFO] 2021-12-01 17:50:32,427: > Validation
[INFO] 2021-12-01 17:50:34,438: Loss: 0.0110 / Acc: 99.60%
[INFO] 2021-12-01 17:50:34,439: ==> Epoch 190
[INFO] 2021-12-01 17:50:34,439: > Training
[INFO] 2021-12-01 17:50:53,077: Loss: 0.0211 / Acc: 99.15%
[INFO] 2021-12-01 17:50:53,078: > Validation
[INFO] 2021-12-01 17:50:55,054: Loss: 0.0158 / Acc: 99.57%
[INFO] 2021-12-01 17:50:55,054: ==> Epoch 191
[INFO] 2021-12-01 17:50:55,054: > Training
[INFO] 2021-12-01 17:51:13,384: Loss: 0.0191 / Acc: 99.29%
[INFO] 2021-12-01 17:51:13,385: > Validation
[INFO] 2021-12-01 17:51:15,303: Loss: 0.0101 / Acc: 99.80%
[INFO] 2021-12-01 17:51:15,303: ==> Epoch 192
[INFO] 2021-12-01 17:51:15,303: > Training
[INFO] 2021-12-01 17:51:33,817: Loss: 0.0198 / Acc: 99.25%
[INFO] 2021-12-01 17:51:33,818: > Validation
[INFO] 2021-12-01 17:51:35,804: Loss: 0.0148 / Acc: 99.64%
[INFO] 2021-12-01 17:51:35,805: ==> Epoch 193
[INFO] 2021-12-01 17:51:35,805: > Training
[INFO] 2021-12-01 17:51:54,554: Loss: 0.0222 / Acc: 99.14%
[INFO] 2021-12-01 17:51:54,555: > Validation
[INFO] 2021-12-01 17:51:56,546: Loss: 0.0120 / Acc: 99.59%
[INFO] 2021-12-01 17:51:56,547: ==> Epoch 194
[INFO] 2021-12-01 17:51:56,547: > Training
[INFO] 2021-12-01 17:52:14,905: Loss: 0.0203 / Acc: 99.22%
[INFO] 2021-12-01 17:52:14,906: > Validation
[INFO] 2021-12-01 17:52:16,899: Loss: 0.0147 / Acc: 99.67%
[INFO] 2021-12-01 17:52:16,900: ==> Epoch 195
[INFO] 2021-12-01 17:52:16,900: > Training
[INFO] 2021-12-01 17:52:35,974: Loss: 0.0215 / Acc: 99.17%
[INFO] 2021-12-01 17:52:35,975: > Validation
[INFO] 2021-12-01 17:52:38,023: Loss: 0.0145 / Acc: 99.65%
[INFO] 2021-12-01 17:52:38,023: ==> Epoch 196
[INFO] 2021-12-01 17:52:38,024: > Training
[INFO] 2021-12-01 17:52:56,381: Loss: 0.0244 / Acc: 99.08%
[INFO] 2021-12-01 17:52:56,382: > Validation
[INFO] 2021-12-01 17:52:58,396: Loss: 0.0094 / Acc: 99.88%
[INFO] 2021-12-01 17:52:58,396: ==> Epoch 197
[INFO] 2021-12-01 17:52:58,396: > Training
[INFO] 2021-12-01 17:53:17,138: Loss: 0.0218 / Acc: 99.16%
[INFO] 2021-12-01 17:53:17,138: > Validation
[INFO] 2021-12-01 17:53:19,080: Loss: 0.0126 / Acc: 99.69%
[INFO] 2021-12-01 17:53:19,080: ==> Epoch 198
[INFO] 2021-12-01 17:53:19,080: > Training
[INFO] 2021-12-01 17:53:37,490: Loss: 0.0224 / Acc: 99.16%
[INFO] 2021-12-01 17:53:37,491: > Validation
[INFO] 2021-12-01 17:53:39,622: Loss: 0.0150 / Acc: 99.60%
[INFO] 2021-12-01 17:53:39,623: ==> Epoch 199
[INFO] 2021-12-01 17:53:39,623: > Training
[INFO] 2021-12-01 17:53:58,894: Loss: 0.0220 / Acc: 99.13%
[INFO] 2021-12-01 17:53:58,895: > Validation
[INFO] 2021-12-01 17:54:00,891: Loss: 0.0159 / Acc: 99.53%
[INFO] 2021-12-01 17:54:00,892: ==> Epoch 200
[INFO] 2021-12-01 17:54:00,892: > Training
[INFO] 2021-12-01 17:54:19,328: Loss: 0.0218 / Acc: 99.13%
[INFO] 2021-12-01 17:54:19,328: > Validation
[INFO] 2021-12-01 17:54:21,401: Loss: 0.0110 / Acc: 99.56%
[INFO] 2021-12-01 17:54:21,401: ==> Epoch 201
[INFO] 2021-12-01 17:54:21,401: > Training
[INFO] 2021-12-01 17:54:39,775: Loss: 0.0204 / Acc: 99.16%
[INFO] 2021-12-01 17:54:39,776: > Validation
[INFO] 2021-12-01 17:54:41,887: Loss: 0.0139 / Acc: 99.73%
[INFO] 2021-12-01 17:54:41,888: ==> Epoch 202
[INFO] 2021-12-01 17:54:41,888: > Training
[INFO] 2021-12-01 17:55:00,364: Loss: 0.0219 / Acc: 99.17%
[INFO] 2021-12-01 17:55:00,364: > Validation
[INFO] 2021-12-01 17:55:02,185: Loss: 0.0125 / Acc: 99.72%
[INFO] 2021-12-01 17:55:02,186: ==> Epoch 203
[INFO] 2021-12-01 17:55:02,186: > Training
[INFO] 2021-12-01 17:55:24,429: Loss: 0.0221 / Acc: 99.15%
[INFO] 2021-12-01 17:55:24,429: > Validation
[INFO] 2021-12-01 17:55:26,416: Loss: 0.0126 / Acc: 99.68%
[INFO] 2021-12-01 17:55:26,417: ==> Epoch 204
[INFO] 2021-12-01 17:55:26,417: > Training
[INFO] 2021-12-01 17:55:45,121: Loss: 0.0230 / Acc: 99.06%
[INFO] 2021-12-01 17:55:45,121: > Validation
[INFO] 2021-12-01 17:55:47,140: Loss: 0.0092 / Acc: 99.76%
[INFO] 2021-12-01 17:55:47,141: ==> Epoch 205
[INFO] 2021-12-01 17:55:47,141: > Training
[INFO] 2021-12-01 17:56:05,217: Loss: 0.0216 / Acc: 99.16%
[INFO] 2021-12-01 17:56:05,217: > Validation
[INFO] 2021-12-01 17:56:07,343: Loss: 0.0097 / Acc: 99.77%
[INFO] 2021-12-01 17:56:07,343: ==> Epoch 206
[INFO] 2021-12-01 17:56:07,344: > Training
[INFO] 2021-12-01 17:56:26,000: Loss: 0.0222 / Acc: 99.15%
[INFO] 2021-12-01 17:56:26,000: > Validation
[INFO] 2021-12-01 17:56:27,817: Loss: 0.0096 / Acc: 99.80%
[INFO] 2021-12-01 17:56:27,817: ==> Epoch 207
[INFO] 2021-12-01 17:56:27,818: > Training
[INFO] 2021-12-01 17:56:50,048: Loss: 0.0216 / Acc: 99.13%
[INFO] 2021-12-01 17:56:50,049: > Validation
[INFO] 2021-12-01 17:56:52,129: Loss: 0.0067 / Acc: 99.88%
[INFO] 2021-12-01 17:56:52,130: ==> Epoch 208
[INFO] 2021-12-01 17:56:52,130: > Training
[INFO] 2021-12-01 17:57:10,313: Loss: 0.0204 / Acc: 99.20%
[INFO] 2021-12-01 17:57:10,313: > Validation
[INFO] 2021-12-01 17:57:12,330: Loss: 0.0205 / Acc: 99.32%
[INFO] 2021-12-01 17:57:12,330: ==> Epoch 209
[INFO] 2021-12-01 17:57:12,331: > Training
[INFO] 2021-12-01 17:57:31,371: Loss: 0.0211 / Acc: 99.23%
[INFO] 2021-12-01 17:57:31,371: > Validation
[INFO] 2021-12-01 17:57:33,467: Loss: 0.0166 / Acc: 99.72%
[INFO] 2021-12-01 17:57:33,468: ==> Epoch 210
[INFO] 2021-12-01 17:57:33,468: > Training
[INFO] 2021-12-01 17:57:51,820: Loss: 0.0226 / Acc: 99.18%
[INFO] 2021-12-01 17:57:51,820: > Validation
[INFO] 2021-12-01 17:57:53,762: Loss: 0.0144 / Acc: 99.59%
[INFO] 2021-12-01 17:57:53,763: ==> Epoch 211
[INFO] 2021-12-01 17:57:53,763: > Training
[INFO] 2021-12-01 17:58:12,200: Loss: 0.0247 / Acc: 99.00%
[INFO] 2021-12-01 17:58:12,201: > Validation
[INFO] 2021-12-01 17:58:14,177: Loss: 0.0104 / Acc: 99.64%
[INFO] 2021-12-01 17:58:14,177: ==> Epoch 212
[INFO] 2021-12-01 17:58:14,178: > Training
[INFO] 2021-12-01 17:58:32,744: Loss: 0.0235 / Acc: 99.10%
[INFO] 2021-12-01 17:58:32,745: > Validation
[INFO] 2021-12-01 17:58:34,786: Loss: 0.0102 / Acc: 99.73%
[INFO] 2021-12-01 17:58:34,786: ==> Epoch 213
[INFO] 2021-12-01 17:58:34,787: > Training
[INFO] 2021-12-01 17:58:52,748: Loss: 0.0213 / Acc: 99.18%
[INFO] 2021-12-01 17:58:52,749: > Validation
[INFO] 2021-12-01 17:58:54,810: Loss: 0.0170 / Acc: 99.65%
[INFO] 2021-12-01 17:58:54,810: ==> Epoch 214
[INFO] 2021-12-01 17:58:54,810: > Training
[INFO] 2021-12-01 17:59:12,505: Loss: 0.0226 / Acc: 99.18%
[INFO] 2021-12-01 17:59:12,506: > Validation
[INFO] 2021-12-01 17:59:14,513: Loss: 0.0089 / Acc: 99.73%
[INFO] 2021-12-01 17:59:14,513: ==> Epoch 215
[INFO] 2021-12-01 17:59:14,514: > Training
[INFO] 2021-12-01 17:59:32,171: Loss: 0.0223 / Acc: 99.19%
[INFO] 2021-12-01 17:59:32,171: > Validation
[INFO] 2021-12-01 17:59:34,176: Loss: 0.0124 / Acc: 99.69%
[INFO] 2021-12-01 17:59:34,177: ==> Epoch 216
[INFO] 2021-12-01 17:59:34,177: > Training
[INFO] 2021-12-01 17:59:52,036: Loss: 0.0216 / Acc: 99.18%
[INFO] 2021-12-01 17:59:52,037: > Validation
[INFO] 2021-12-01 17:59:54,020: Loss: 0.0050 / Acc: 99.84%
[INFO] 2021-12-01 17:59:54,021: ==> Epoch 217
[INFO] 2021-12-01 17:59:54,021: > Training
[INFO] 2021-12-01 18:00:12,157: Loss: 0.0216 / Acc: 99.24%
[INFO] 2021-12-01 18:00:12,158: > Validation
[INFO] 2021-12-01 18:00:14,133: Loss: 0.0102 / Acc: 99.71%
[INFO] 2021-12-01 18:00:14,134: ==> Epoch 218
[INFO] 2021-12-01 18:00:14,134: > Training
[INFO] 2021-12-01 18:00:32,135: Loss: 0.0230 / Acc: 99.06%
[INFO] 2021-12-01 18:00:32,135: > Validation
[INFO] 2021-12-01 18:00:34,156: Loss: 0.0161 / Acc: 99.65%
[INFO] 2021-12-01 18:00:34,157: ==> Epoch 219
[INFO] 2021-12-01 18:00:34,157: > Training
[INFO] 2021-12-01 18:00:52,721: Loss: 0.0224 / Acc: 99.12%
[INFO] 2021-12-01 18:00:52,722: > Validation
[INFO] 2021-12-01 18:00:54,689: Loss: 0.0089 / Acc: 99.72%
[INFO] 2021-12-01 18:00:54,689: ==> Epoch 220
[INFO] 2021-12-01 18:00:54,690: > Training
[INFO] 2021-12-01 18:01:13,648: Loss: 0.0227 / Acc: 99.11%
[INFO] 2021-12-01 18:01:13,649: > Validation
[INFO] 2021-12-01 18:01:15,720: Loss: 0.0054 / Acc: 99.85%
[INFO] 2021-12-01 18:01:15,720: ==> Epoch 221
[INFO] 2021-12-01 18:01:15,720: > Training
[INFO] 2021-12-01 18:01:33,921: Loss: 0.0228 / Acc: 99.10%
[INFO] 2021-12-01 18:01:33,922: > Validation
[INFO] 2021-12-01 18:01:35,896: Loss: 0.0171 / Acc: 99.72%
[INFO] 2021-12-01 18:01:35,896: ==> Epoch 222
[INFO] 2021-12-01 18:01:35,896: > Training
[INFO] 2021-12-01 18:01:54,067: Loss: 0.0207 / Acc: 99.22%
[INFO] 2021-12-01 18:01:54,067: > Validation
[INFO] 2021-12-01 18:01:56,022: Loss: 0.0111 / Acc: 99.72%
[INFO] 2021-12-01 18:01:56,023: ==> Epoch 223
[INFO] 2021-12-01 18:01:56,023: > Training
[INFO] 2021-12-01 18:02:18,391: Loss: 0.0205 / Acc: 99.19%
[INFO] 2021-12-01 18:02:18,392: > Validation
[INFO] 2021-12-01 18:02:21,559: Loss: 0.0090 / Acc: 99.71%
[INFO] 2021-12-01 18:02:21,559: ==> Epoch 224
[INFO] 2021-12-01 18:02:21,560: > Training
[INFO] 2021-12-01 18:02:43,520: Loss: 0.0210 / Acc: 99.20%
[INFO] 2021-12-01 18:02:43,520: > Validation
[INFO] 2021-12-01 18:02:46,215: Loss: 0.0141 / Acc: 99.61%
[INFO] 2021-12-01 18:02:46,215: ==> Epoch 225
[INFO] 2021-12-01 18:02:46,216: > Training
[INFO] 2021-12-01 18:03:04,926: Loss: 0.0221 / Acc: 99.18%
[INFO] 2021-12-01 18:03:04,927: > Validation
[INFO] 2021-12-01 18:03:06,895: Loss: 0.0089 / Acc: 99.71%
[INFO] 2021-12-01 18:03:06,895: ==> Epoch 226
[INFO] 2021-12-01 18:03:06,896: > Training
[INFO] 2021-12-01 18:03:25,433: Loss: 0.0216 / Acc: 99.19%
[INFO] 2021-12-01 18:03:25,434: > Validation
[INFO] 2021-12-01 18:03:27,383: Loss: 0.0185 / Acc: 99.44%
[INFO] 2021-12-01 18:03:27,383: ==> Epoch 227
[INFO] 2021-12-01 18:03:27,383: > Training
[INFO] 2021-12-01 18:03:46,346: Loss: 0.0192 / Acc: 99.29%
[INFO] 2021-12-01 18:03:46,346: > Validation
[INFO] 2021-12-01 18:03:48,364: Loss: 0.0159 / Acc: 99.49%
[INFO] 2021-12-01 18:03:48,364: ==> Epoch 228
[INFO] 2021-12-01 18:03:48,365: > Training
[INFO] 2021-12-01 18:04:07,492: Loss: 0.0223 / Acc: 99.10%
[INFO] 2021-12-01 18:04:07,493: > Validation
[INFO] 2021-12-01 18:04:10,456: Loss: 0.0110 / Acc: 99.63%
[INFO] 2021-12-01 18:04:10,457: ==> Epoch 229
[INFO] 2021-12-01 18:04:10,457: > Training
[INFO] 2021-12-01 18:04:30,975: Loss: 0.0206 / Acc: 99.15%
[INFO] 2021-12-01 18:04:30,976: > Validation
[INFO] 2021-12-01 18:04:32,880: Loss: 0.0124 / Acc: 99.68%
[INFO] 2021-12-01 18:04:32,881: ==> Epoch 230
[INFO] 2021-12-01 18:04:32,881: > Training
[INFO] 2021-12-01 18:04:51,132: Loss: 0.0232 / Acc: 99.16%
[INFO] 2021-12-01 18:04:51,132: > Validation
[INFO] 2021-12-01 18:04:53,175: Loss: 0.0102 / Acc: 99.72%
[INFO] 2021-12-01 18:04:53,176: ==> Epoch 231
[INFO] 2021-12-01 18:04:53,176: > Training
[INFO] 2021-12-01 18:05:11,695: Loss: 0.0208 / Acc: 99.20%
[INFO] 2021-12-01 18:05:11,695: > Validation
[INFO] 2021-12-01 18:05:13,502: Loss: 0.0135 / Acc: 99.63%
[INFO] 2021-12-01 18:05:13,503: ==> Epoch 232
[INFO] 2021-12-01 18:05:13,503: > Training
[INFO] 2021-12-01 18:05:36,139: Loss: 0.0213 / Acc: 99.15%
[INFO] 2021-12-01 18:05:36,140: > Validation
[INFO] 2021-12-01 18:05:38,228: Loss: 0.0096 / Acc: 99.68%
[INFO] 2021-12-01 18:05:38,229: ==> Epoch 233
[INFO] 2021-12-01 18:05:38,229: > Training
[INFO] 2021-12-01 18:05:56,724: Loss: 0.0223 / Acc: 99.18%
[INFO] 2021-12-01 18:05:56,725: > Validation
[INFO] 2021-12-01 18:05:58,748: Loss: 0.0154 / Acc: 99.52%
[INFO] 2021-12-01 18:05:58,749: ==> Epoch 234
[INFO] 2021-12-01 18:05:58,749: > Training
[INFO] 2021-12-01 18:06:17,393: Loss: 0.0209 / Acc: 99.19%
[INFO] 2021-12-01 18:06:17,394: > Validation
[INFO] 2021-12-01 18:06:19,368: Loss: 0.0099 / Acc: 99.75%
[INFO] 2021-12-01 18:06:19,368: ==> Epoch 235
[INFO] 2021-12-01 18:06:19,369: > Training
[INFO] 2021-12-01 18:06:38,056: Loss: 0.0229 / Acc: 99.08%
[INFO] 2021-12-01 18:06:38,057: > Validation
[INFO] 2021-12-01 18:06:40,042: Loss: 0.0140 / Acc: 99.65%
[INFO] 2021-12-01 18:06:40,042: ==> Epoch 236
[INFO] 2021-12-01 18:06:40,042: > Training
[INFO] 2021-12-01 18:06:58,842: Loss: 0.0211 / Acc: 99.21%
[INFO] 2021-12-01 18:06:58,843: > Validation
[INFO] 2021-12-01 18:07:00,802: Loss: 0.0108 / Acc: 99.71%
[INFO] 2021-12-01 18:07:00,802: ==> Epoch 237
[INFO] 2021-12-01 18:07:00,802: > Training
[INFO] 2021-12-01 18:07:19,286: Loss: 0.0194 / Acc: 99.27%
[INFO] 2021-12-01 18:07:19,287: > Validation
[INFO] 2021-12-01 18:07:21,221: Loss: 0.0110 / Acc: 99.72%
[INFO] 2021-12-01 18:07:21,221: ==> Epoch 238
[INFO] 2021-12-01 18:07:21,222: > Training
[INFO] 2021-12-01 18:07:39,803: Loss: 0.0228 / Acc: 99.13%
[INFO] 2021-12-01 18:07:39,803: > Validation
[INFO] 2021-12-01 18:07:41,752: Loss: 0.0146 / Acc: 99.65%
[INFO] 2021-12-01 18:07:41,752: ==> Epoch 239
[INFO] 2021-12-01 18:07:41,753: > Training
[INFO] 2021-12-01 18:08:00,242: Loss: 0.0213 / Acc: 99.21%
[INFO] 2021-12-01 18:08:00,242: > Validation
[INFO] 2021-12-01 18:08:02,177: Loss: 0.0127 / Acc: 99.79%
[INFO] 2021-12-01 18:08:02,178: ==> Epoch 240
[INFO] 2021-12-01 18:08:02,178: > Training
[INFO] 2021-12-01 18:08:20,734: Loss: 0.0213 / Acc: 99.17%
[INFO] 2021-12-01 18:08:20,734: > Validation
[INFO] 2021-12-01 18:08:22,755: Loss: 0.0140 / Acc: 99.59%
[INFO] 2021-12-01 18:08:22,756: ==> Epoch 241
[INFO] 2021-12-01 18:08:22,756: > Training
[INFO] 2021-12-01 18:08:41,164: Loss: 0.0234 / Acc: 99.11%
[INFO] 2021-12-01 18:08:41,165: > Validation
[INFO] 2021-12-01 18:08:43,028: Loss: 0.0108 / Acc: 99.68%
[INFO] 2021-12-01 18:08:43,029: ==> Epoch 242
[INFO] 2021-12-01 18:08:43,029: > Training
[INFO] 2021-12-01 18:09:01,580: Loss: 0.0193 / Acc: 99.26%
[INFO] 2021-12-01 18:09:01,581: > Validation
[INFO] 2021-12-01 18:09:03,665: Loss: 0.0066 / Acc: 99.81%
[INFO] 2021-12-01 18:09:03,666: ==> Epoch 243
[INFO] 2021-12-01 18:09:03,666: > Training
[INFO] 2021-12-01 18:09:22,322: Loss: 0.0211 / Acc: 99.20%
[INFO] 2021-12-01 18:09:22,322: > Validation
[INFO] 2021-12-01 18:09:24,300: Loss: 0.0083 / Acc: 99.73%
[INFO] 2021-12-01 18:09:24,301: ==> Epoch 244
[INFO] 2021-12-01 18:09:24,301: > Training
[INFO] 2021-12-01 18:09:43,053: Loss: 0.0248 / Acc: 99.05%
[INFO] 2021-12-01 18:09:43,054: > Validation
[INFO] 2021-12-01 18:09:45,056: Loss: 0.0152 / Acc: 99.67%
[INFO] 2021-12-01 18:09:45,056: ==> Epoch 245
[INFO] 2021-12-01 18:09:45,057: > Training
[INFO] 2021-12-01 18:10:03,814: Loss: 0.0216 / Acc: 99.17%
[INFO] 2021-12-01 18:10:03,815: > Validation
[INFO] 2021-12-01 18:10:05,884: Loss: 0.0111 / Acc: 99.71%
[INFO] 2021-12-01 18:10:05,884: ==> Epoch 246
[INFO] 2021-12-01 18:10:05,885: > Training
[INFO] 2021-12-01 18:10:25,042: Loss: 0.0243 / Acc: 99.06%
[INFO] 2021-12-01 18:10:25,042: > Validation
[INFO] 2021-12-01 18:10:27,006: Loss: 0.0097 / Acc: 99.72%
[INFO] 2021-12-01 18:10:27,007: ==> Epoch 247
[INFO] 2021-12-01 18:10:27,007: > Training
[INFO] 2021-12-01 18:10:46,512: Loss: 0.0259 / Acc: 99.00%
[INFO] 2021-12-01 18:10:46,512: > Validation
[INFO] 2021-12-01 18:10:48,423: Loss: 0.0137 / Acc: 99.57%
[INFO] 2021-12-01 18:10:48,423: ==> Epoch 248
[INFO] 2021-12-01 18:10:48,423: > Training
[INFO] 2021-12-01 18:11:07,185: Loss: 0.0206 / Acc: 99.19%
[INFO] 2021-12-01 18:11:07,186: > Validation
[INFO] 2021-12-01 18:11:09,134: Loss: 0.0183 / Acc: 99.65%
[INFO] 2021-12-01 18:11:09,134: ==> Epoch 249
[INFO] 2021-12-01 18:11:09,135: > Training
[INFO] 2021-12-01 18:11:27,873: Loss: 0.0217 / Acc: 99.21%
[INFO] 2021-12-01 18:11:27,873: > Validation
[INFO] 2021-12-01 18:11:30,560: Loss: 0.0066 / Acc: 99.80%
[INFO] 2021-12-01 18:11:30,560: ==> Epoch 250
[INFO] 2021-12-01 18:11:30,561: > Training
[INFO] 2021-12-01 18:11:49,364: Loss: 0.0259 / Acc: 99.07%
[INFO] 2021-12-01 18:11:49,364: > Validation
[INFO] 2021-12-01 18:11:51,386: Loss: 0.0156 / Acc: 99.75%
[INFO] 2021-12-01 18:11:51,387: ==> Epoch 251
[INFO] 2021-12-01 18:11:51,387: > Training
[INFO] 2021-12-01 18:12:10,174: Loss: 0.0215 / Acc: 99.18%
[INFO] 2021-12-01 18:12:10,175: > Validation
[INFO] 2021-12-01 18:12:12,325: Loss: 0.0177 / Acc: 99.47%
[INFO] 2021-12-01 18:12:12,326: ==> Epoch 252
[INFO] 2021-12-01 18:12:12,326: > Training
[INFO] 2021-12-01 18:12:31,159: Loss: 0.0245 / Acc: 99.10%
[INFO] 2021-12-01 18:12:31,160: > Validation
[INFO] 2021-12-01 18:12:33,253: Loss: 0.0200 / Acc: 99.57%
[INFO] 2021-12-01 18:12:33,253: ==> Epoch 253
[INFO] 2021-12-01 18:12:33,254: > Training
[INFO] 2021-12-01 18:12:55,247: Loss: 0.0228 / Acc: 99.08%
[INFO] 2021-12-01 18:12:55,247: > Validation
[INFO] 2021-12-01 18:12:58,153: Loss: 0.0133 / Acc: 99.77%
[INFO] 2021-12-01 18:12:58,153: ==> Epoch 254
[INFO] 2021-12-01 18:12:58,154: > Training
[INFO] 2021-12-01 18:13:17,193: Loss: 0.0219 / Acc: 99.13%
[INFO] 2021-12-01 18:13:17,194: > Validation
[INFO] 2021-12-01 18:13:19,143: Loss: 0.0127 / Acc: 99.69%
[INFO] 2021-12-01 18:13:19,144: ==> Epoch 255
[INFO] 2021-12-01 18:13:19,144: > Training
[INFO] 2021-12-01 18:13:37,743: Loss: 0.0206 / Acc: 99.24%
[INFO] 2021-12-01 18:13:37,743: > Validation
[INFO] 2021-12-01 18:13:39,721: Loss: 0.0143 / Acc: 99.56%
[INFO] 2021-12-01 18:13:39,722: ==> Epoch 256
[INFO] 2021-12-01 18:13:39,722: > Training
[INFO] 2021-12-01 18:13:58,289: Loss: 0.0216 / Acc: 99.09%
[INFO] 2021-12-01 18:13:58,290: > Validation
[INFO] 2021-12-01 18:14:00,173: Loss: 0.0099 / Acc: 99.75%
[INFO] 2021-12-01 18:14:00,174: ==> Epoch 257
[INFO] 2021-12-01 18:14:00,174: > Training
[INFO] 2021-12-01 18:14:22,895: Loss: 0.0229 / Acc: 99.11%
[INFO] 2021-12-01 18:14:22,896: > Validation
[INFO] 2021-12-01 18:14:24,867: Loss: 0.0163 / Acc: 99.55%
[INFO] 2021-12-01 18:14:24,867: ==> Epoch 258
[INFO] 2021-12-01 18:14:24,868: > Training
[INFO] 2021-12-01 18:14:43,731: Loss: 0.0227 / Acc: 99.13%
[INFO] 2021-12-01 18:14:43,731: > Validation
[INFO] 2021-12-01 18:14:45,829: Loss: 0.0120 / Acc: 99.71%
[INFO] 2021-12-01 18:14:45,830: ==> Epoch 259
[INFO] 2021-12-01 18:14:45,830: > Training
[INFO] 2021-12-01 18:15:04,733: Loss: 0.0216 / Acc: 99.12%
[INFO] 2021-12-01 18:15:04,733: > Validation
[INFO] 2021-12-01 18:15:06,745: Loss: 0.0139 / Acc: 99.75%
[INFO] 2021-12-01 18:15:06,745: ==> Epoch 260
[INFO] 2021-12-01 18:15:06,746: > Training
[INFO] 2021-12-01 18:15:25,270: Loss: 0.0211 / Acc: 99.23%
[INFO] 2021-12-01 18:15:25,271: > Validation
[INFO] 2021-12-01 18:15:27,252: Loss: 0.0076 / Acc: 99.79%
[INFO] 2021-12-01 18:15:27,253: ==> Epoch 261
[INFO] 2021-12-01 18:15:27,253: > Training
[INFO] 2021-12-01 18:15:45,934: Loss: 0.0234 / Acc: 99.11%
[INFO] 2021-12-01 18:15:45,935: > Validation
[INFO] 2021-12-01 18:15:47,849: Loss: 0.0159 / Acc: 99.65%
[INFO] 2021-12-01 18:15:47,850: ==> Epoch 262
[INFO] 2021-12-01 18:15:47,850: > Training
[INFO] 2021-12-01 18:16:06,657: Loss: 0.0219 / Acc: 99.17%
[INFO] 2021-12-01 18:16:06,658: > Validation
[INFO] 2021-12-01 18:16:08,710: Loss: 0.0152 / Acc: 99.71%
[INFO] 2021-12-01 18:16:08,710: ==> Epoch 263
[INFO] 2021-12-01 18:16:08,711: > Training
